acc 0.8347, nmi 0.7424, ari 0.6907, f1 0.8336
acc 0.7628, nmi 0.7545, ari 0.6689, f1 0.7335
acc 0.8464, nmi 0.7567, ari 0.7068, f1 0.8459
acc 0.8453, nmi 0.7536, ari 0.7038, f1 0.8442
acc 0.8479, nmi 0.7535, ari 0.7061, f1 0.8469
acc 0.8456, nmi 0.7495, ari 0.7016, f1 0.8441
acc 0.8413, nmi 0.7452, ari 0.6950, f1 0.8397
acc 0.8371, nmi 0.7395, ari 0.6877, f1 0.8351
acc 0.8344, nmi 0.7365, ari 0.6832, f1 0.8322
acc 0.8353, nmi 0.7380, ari 0.6848, f1 0.8331
acc 0.8304, nmi 0.7366, ari 0.6794, f1 0.8291
acc 0.8315, nmi 0.7385, ari 0.6815, f1 0.8303
acc 0.8319, nmi 0.7378, ari 0.6819, f1 0.8305
acc 0.8378, nmi 0.7405, ari 0.6888, f1 0.8358
acc 0.8397, nmi 0.7417, ari 0.6910, f1 0.8374
acc 0.8364, nmi 0.7382, ari 0.6852, f1 0.8340
acc 0.8336, nmi 0.7351, ari 0.6800, f1 0.8309
acc 0.8267, nmi 0.7283, ari 0.6685, f1 0.8239
acc 0.8238, nmi 0.7257, ari 0.6640, f1 0.8209
acc 0.8218, nmi 0.7246, ari 0.6613, f1 0.8187
acc 0.8177, nmi 0.7217, ari 0.6551, f1 0.8146
acc 0.8145, nmi 0.7193, ari 0.6504, f1 0.8113
acc 0.8092, nmi 0.7152, ari 0.6430, f1 0.8060
acc 0.8084, nmi 0.7149, ari 0.6423, f1 0.8049
acc 0.8069, nmi 0.7143, ari 0.6402, f1 0.8033
acc 0.8051, nmi 0.7133, ari 0.6381, f1 0.8015
acc 0.8027, nmi 0.7115, ari 0.6351, f1 0.7990
acc 0.7980, nmi 0.7082, ari 0.6294, f1 0.7940
acc 0.7968, nmi 0.7075, ari 0.6282, f1 0.7927
acc 0.7942, nmi 0.7059, ari 0.6250, f1 0.7900
acc 0.7912, nmi 0.7042, ari 0.6216, f1 0.7870
acc 0.7907, nmi 0.7038, ari 0.6210, f1 0.7864
acc 0.7892, nmi 0.7032, ari 0.6196, f1 0.7849
acc 0.7890, nmi 0.7032, ari 0.6199, f1 0.7846
acc 0.7884, nmi 0.7028, ari 0.6193, f1 0.7839
acc 0.7886, nmi 0.7034, ari 0.6199, f1 0.7842
acc 0.7895, nmi 0.7041, ari 0.6215, f1 0.7850
acc 0.7901, nmi 0.7043, ari 0.6222, f1 0.7855
acc 0.7886, nmi 0.7035, ari 0.6207, f1 0.7840
acc 0.7856, nmi 0.7017, ari 0.6176, f1 0.7808
acc 0.7852, nmi 0.7016, ari 0.6175, f1 0.7803
acc 0.7845, nmi 0.7012, ari 0.6169, f1 0.7796
acc 0.7869, nmi 0.7027, ari 0.6199, f1 0.7818
acc 0.7856, nmi 0.7021, ari 0.6187, f1 0.7805
acc 0.7839, nmi 0.7013, ari 0.6171, f1 0.7787
acc 0.7859, nmi 0.7032, ari 0.6202, f1 0.7807
acc 0.7868, nmi 0.7044, ari 0.6217, f1 0.7816
acc 0.7854, nmi 0.7044, ari 0.6207, f1 0.7802
acc 0.7857, nmi 0.7050, ari 0.6216, f1 0.7804
acc 0.7864, nmi 0.7052, ari 0.6223, f1 0.7811
acc 0.7883, nmi 0.7069, ari 0.6246, f1 0.7832
acc 0.7884, nmi 0.7070, ari 0.6249, f1 0.7833
acc 0.7882, nmi 0.7070, ari 0.6247, f1 0.7831
acc 0.7880, nmi 0.7073, ari 0.6249, f1 0.7828
acc 0.7880, nmi 0.7078, ari 0.6254, f1 0.7828
acc 0.7875, nmi 0.7084, ari 0.6255, f1 0.7822
acc 0.7873, nmi 0.7085, ari 0.6256, f1 0.7819
acc 0.7865, nmi 0.7083, ari 0.6253, f1 0.7810
acc 0.7834, nmi 0.7075, ari 0.6225, f1 0.7779
acc 0.7827, nmi 0.7076, ari 0.6220, f1 0.7772
acc 0.7810, nmi 0.7069, ari 0.6204, f1 0.7756
acc 0.7775, nmi 0.7057, ari 0.6176, f1 0.7719
acc 0.7768, nmi 0.7056, ari 0.6172, f1 0.7711
acc 0.7761, nmi 0.7054, ari 0.6169, f1 0.7703
acc 0.7749, nmi 0.7050, ari 0.6162, f1 0.7690
acc 0.7739, nmi 0.7048, ari 0.6157, f1 0.7678
acc 0.7723, nmi 0.7043, ari 0.6148, f1 0.7661
acc 0.7694, nmi 0.7039, ari 0.6129, f1 0.7632
acc 0.7685, nmi 0.7037, ari 0.6127, f1 0.7621
acc 0.7627, nmi 0.7021, ari 0.6087, f1 0.7561
acc 0.7629, nmi 0.7021, ari 0.6093, f1 0.7561
acc 0.7610, nmi 0.7023, ari 0.6086, f1 0.7542
acc 0.7553, nmi 0.7015, ari 0.6056, f1 0.7483
acc 0.7550, nmi 0.7019, ari 0.6063, f1 0.7478
acc 0.7539, nmi 0.7016, ari 0.6059, f1 0.7464
acc 0.7493, nmi 0.7006, ari 0.6040, f1 0.7415
acc 0.7442, nmi 0.7002, ari 0.6023, f1 0.7360
acc 0.7389, nmi 0.7001, ari 0.6008, f1 0.7302
acc 0.7420, nmi 0.6998, ari 0.6022, f1 0.7332
acc 0.7362, nmi 0.7000, ari 0.6009, f1 0.7268
acc 0.7343, nmi 0.7003, ari 0.6010, f1 0.7246
acc 0.7341, nmi 0.7000, ari 0.6013, f1 0.7242
acc 0.7310, nmi 0.7007, ari 0.6012, f1 0.7206
acc 0.7247, nmi 0.7007, ari 0.5997, f1 0.7135
acc 0.7245, nmi 0.7012, ari 0.6003, f1 0.7131
acc 0.7262, nmi 0.7015, ari 0.6019, f1 0.7146
acc 0.7256, nmi 0.7017, ari 0.6023, f1 0.7139
acc 0.7253, nmi 0.7019, ari 0.6027, f1 0.7134
acc 0.7242, nmi 0.7021, ari 0.6026, f1 0.7122
acc 0.7234, nmi 0.7026, ari 0.6034, f1 0.7108
acc 0.7236, nmi 0.7019, ari 0.6024, f1 0.7112
acc 0.7176, nmi 0.7027, ari 0.6025, f1 0.7040
acc 0.7242, nmi 0.7025, ari 0.6033, f1 0.7117
acc 0.7179, nmi 0.7026, ari 0.6029, f1 0.7041
acc 0.7196, nmi 0.7031, ari 0.6039, f1 0.7058
acc 0.7225, nmi 0.7028, ari 0.6038, f1 0.7093
acc 0.7194, nmi 0.7029, ari 0.6045, f1 0.7051
acc 0.7201, nmi 0.7033, ari 0.6043, f1 0.7061
acc 0.7213, nmi 0.7029, ari 0.6041, f1 0.7076
acc 0.7187, nmi 0.7030, ari 0.6044, f1 0.7043
acc 0.7182, nmi 0.7033, ari 0.6041, f1 0.7040
acc 0.7206, nmi 0.7029, ari 0.6041, f1 0.7065
acc 0.7191, nmi 0.7032, ari 0.6049, f1 0.7043
acc 0.7204, nmi 0.7023, ari 0.6049, f1 0.7052
acc 0.7206, nmi 0.7007, ari 0.6040, f1 0.7050
acc 0.7199, nmi 0.7024, ari 0.6052, f1 0.7044
acc 0.7178, nmi 0.7030, ari 0.6048, f1 0.7025
acc 0.7205, nmi 0.7014, ari 0.6043, f1 0.7050
acc 0.7193, nmi 0.7027, ari 0.6056, f1 0.7035
acc 0.7185, nmi 0.7028, ari 0.6056, f1 0.7025
acc 0.7194, nmi 0.7019, ari 0.6054, f1 0.7031
acc 0.7185, nmi 0.7024, ari 0.6057, f1 0.7020
acc 0.7200, nmi 0.7032, ari 0.6073, f1 0.7030
acc 0.7207, nmi 0.7025, ari 0.6069, f1 0.7036
acc 0.7199, nmi 0.7030, ari 0.6075, f1 0.7025
acc 0.7195, nmi 0.7031, ari 0.6076, f1 0.7019
acc 0.7230, nmi 0.7024, ari 0.6083, f1 0.7054
acc 0.7219, nmi 0.7034, ari 0.6091, f1 0.7037
acc 0.7213, nmi 0.7027, ari 0.6085, f1 0.7030
acc 0.7209, nmi 0.7025, ari 0.6082, f1 0.7025
acc 0.7196, nmi 0.7032, ari 0.6088, f1 0.7008
acc 0.7205, nmi 0.7033, ari 0.6093, f1 0.7014
acc 0.7206, nmi 0.7034, ari 0.6093, f1 0.7018
acc 0.7192, nmi 0.7034, ari 0.6090, f1 0.7000
acc 0.7198, nmi 0.7036, ari 0.6097, f1 0.7003
acc 0.7195, nmi 0.7037, ari 0.6096, f1 0.7001
acc 0.7234, nmi 0.7009, ari 0.6082, f1 0.7042
acc 0.7231, nmi 0.7007, ari 0.6079, f1 0.7040
acc 0.7215, nmi 0.7011, ari 0.6083, f1 0.7019
acc 0.7223, nmi 0.7008, ari 0.6079, f1 0.7029
acc 0.7211, nmi 0.7011, ari 0.6085, f1 0.7011
acc 0.7213, nmi 0.7017, ari 0.6092, f1 0.7010
acc 0.7224, nmi 0.7008, ari 0.6078, f1 0.7029
acc 0.7215, nmi 0.7013, ari 0.6083, f1 0.7017
acc 0.7207, nmi 0.7018, ari 0.6092, f1 0.7000
acc 0.7213, nmi 0.7013, ari 0.6082, f1 0.7013
acc 0.7204, nmi 0.7018, ari 0.6088, f1 0.6997
acc 0.7207, nmi 0.7022, ari 0.6093, f1 0.6999
acc 0.7196, nmi 0.7026, ari 0.6096, f1 0.6982
acc 0.7192, nmi 0.7027, ari 0.6096, f1 0.6975
acc 0.7190, nmi 0.7027, ari 0.6096, f1 0.6972
acc 0.7188, nmi 0.7024, ari 0.6093, f1 0.6968
acc 0.7188, nmi 0.7031, ari 0.6099, f1 0.6966
acc 0.7191, nmi 0.7032, ari 0.6100, f1 0.6970
acc 0.7195, nmi 0.7032, ari 0.6102, f1 0.6974
acc 0.7188, nmi 0.7035, ari 0.6104, f1 0.6885
acc 0.7208, nmi 0.7003, ari 0.6068, f1 0.7000
acc 0.7199, nmi 0.7054, ari 0.6123, f1 0.6876
acc 0.7215, nmi 0.7001, ari 0.6066, f1 0.7009
acc 0.7198, nmi 0.7047, ari 0.6116, f1 0.6881
acc 0.7190, nmi 0.7031, ari 0.6099, f1 0.6965
acc 0.7191, nmi 0.7031, ari 0.6098, f1 0.6967
acc 0.7195, nmi 0.7055, ari 0.6123, f1 0.6870
acc 0.7184, nmi 0.7031, ari 0.6098, f1 0.6956
acc 0.7189, nmi 0.7033, ari 0.6101, f1 0.6883
acc 0.7196, nmi 0.7052, ari 0.6119, f1 0.6873
acc 0.7181, nmi 0.7027, ari 0.6093, f1 0.6954
acc 0.7189, nmi 0.7042, ari 0.6109, f1 0.6873
acc 0.7195, nmi 0.7050, ari 0.6117, f1 0.6871
acc 0.7180, nmi 0.7027, ari 0.6093, f1 0.6876
acc 0.7195, nmi 0.7051, ari 0.6118, f1 0.6869
acc 0.7193, nmi 0.7049, ari 0.6116, f1 0.6868
acc 0.7196, nmi 0.7049, ari 0.6116, f1 0.6872
acc 0.7195, nmi 0.7051, ari 0.6117, f1 0.6868
acc 0.7194, nmi 0.7049, ari 0.6115, f1 0.6870
acc 0.7198, nmi 0.7051, ari 0.6118, f1 0.6871
acc 0.7200, nmi 0.7052, ari 0.6119, f1 0.6871
acc 0.7200, nmi 0.7053, ari 0.6121, f1 0.6876
acc 0.7204, nmi 0.7055, ari 0.6123, f1 0.6874
acc 0.7201, nmi 0.7053, ari 0.6120, f1 0.6871
acc 0.7204, nmi 0.7055, ari 0.6122, f1 0.6875
acc 0.7205, nmi 0.7056, ari 0.6124, f1 0.6872
acc 0.7196, nmi 0.7048, ari 0.6113, f1 0.6875
acc 0.7207, nmi 0.7056, ari 0.6124, f1 0.6874
acc 0.7200, nmi 0.7049, ari 0.6114, f1 0.6877
acc 0.7204, nmi 0.7050, ari 0.6116, f1 0.6880
acc 0.7207, nmi 0.7057, ari 0.6123, f1 0.6880
acc 0.7202, nmi 0.7051, ari 0.6116, f1 0.6877
acc 0.7206, nmi 0.7054, ari 0.6120, f1 0.6878
acc 0.7204, nmi 0.7054, ari 0.6118, f1 0.6876
acc 0.7207, nmi 0.7059, ari 0.6122, f1 0.6879
acc 0.7212, nmi 0.7060, ari 0.6124, f1 0.6881
acc 0.7210, nmi 0.7060, ari 0.6122, f1 0.6882
acc 0.7215, nmi 0.7062, ari 0.6126, f1 0.6884
acc 0.7215, nmi 0.7064, ari 0.6125, f1 0.6885
acc 0.7215, nmi 0.7064, ari 0.6125, f1 0.6883
acc 0.7216, nmi 0.7064, ari 0.6125, f1 0.6886
acc 0.7222, nmi 0.7073, ari 0.6135, f1 0.6884
acc 0.7211, nmi 0.7063, ari 0.6124, f1 0.6883
acc 0.7229, nmi 0.7080, ari 0.6141, f1 0.6887
acc 0.7189, nmi 0.7049, ari 0.6103, f1 0.6952
acc 0.7234, nmi 0.7083, ari 0.6146, f1 0.6890
acc 0.7216, nmi 0.7069, ari 0.6130, f1 0.6881
acc 0.7190, nmi 0.7054, ari 0.6110, f1 0.6867
acc 0.7222, nmi 0.7079, ari 0.6140, f1 0.6881
acc 0.7207, nmi 0.7064, ari 0.6122, f1 0.6879
acc 0.7188, nmi 0.7045, ari 0.6099, f1 0.6876
acc 0.7208, nmi 0.7072, ari 0.6131, f1 0.6866
acc 0.7212, nmi 0.7072, ari 0.6133, f1 0.6870
acc 0.7192, nmi 0.7046, ari 0.6101, f1 0.6883
