acc 0.8347, nmi 0.7424, ari 0.6907, f1 0.8336
acc 0.8379, nmi 0.7456, ari 0.6914, f1 0.8389
acc 0.8382, nmi 0.7400, ari 0.6879, f1 0.8387
acc 0.8338, nmi 0.7349, ari 0.6809, f1 0.8339
acc 0.8312, nmi 0.7319, ari 0.6773, f1 0.8311
acc 0.8294, nmi 0.7295, ari 0.6745, f1 0.8293
acc 0.8243, nmi 0.7218, ari 0.6658, f1 0.8242
acc 0.8159, nmi 0.7060, ari 0.6489, f1 0.8167
acc 0.8051, nmi 0.6904, ari 0.6295, f1 0.8064
acc 0.7488, nmi 0.6670, ari 0.5864, f1 0.7428
acc 0.7878, nmi 0.6660, ari 0.5984, f1 0.7906
acc 0.7811, nmi 0.6536, ari 0.5854, f1 0.7845
acc 0.7735, nmi 0.6373, ari 0.5702, f1 0.7777
acc 0.7680, nmi 0.6207, ari 0.5590, f1 0.7726
acc 0.7539, nmi 0.5987, ari 0.5376, f1 0.7589
acc 0.7567, nmi 0.6031, ari 0.5411, f1 0.7615
acc 0.7559, nmi 0.6057, ari 0.5420, f1 0.7607
acc 0.7480, nmi 0.6050, ari 0.5387, f1 0.7517
acc 0.7479, nmi 0.6078, ari 0.5389, f1 0.7515
acc 0.7491, nmi 0.6114, ari 0.5413, f1 0.7528
acc 0.7502, nmi 0.6134, ari 0.5431, f1 0.7536
acc 0.7508, nmi 0.6134, ari 0.5436, f1 0.7545
acc 0.7600, nmi 0.6176, ari 0.5502, f1 0.7644
acc 0.7604, nmi 0.6142, ari 0.5480, f1 0.7651
acc 0.7629, nmi 0.6119, ari 0.5502, f1 0.7667
acc 0.7587, nmi 0.6026, ari 0.5432, f1 0.7617
acc 0.7599, nmi 0.6009, ari 0.5441, f1 0.7625
acc 0.7564, nmi 0.5939, ari 0.5382, f1 0.7588
acc 0.7563, nmi 0.5919, ari 0.5383, f1 0.7571
acc 0.6379, nmi 0.5173, ari 0.4260, f1 0.6344
acc 0.6393, nmi 0.5182, ari 0.4273, f1 0.6359
acc 0.6393, nmi 0.5187, ari 0.4279, f1 0.6362
acc 0.6412, nmi 0.5217, ari 0.4313, f1 0.6388
acc 0.6427, nmi 0.5266, ari 0.4355, f1 0.6407
acc 0.6459, nmi 0.5292, ari 0.4374, f1 0.6444
acc 0.6465, nmi 0.5316, ari 0.4392, f1 0.6450
acc 0.6480, nmi 0.5344, ari 0.4416, f1 0.6466
acc 0.6483, nmi 0.5359, ari 0.4407, f1 0.6469
acc 0.6462, nmi 0.5332, ari 0.4349, f1 0.6461
acc 0.6462, nmi 0.5341, ari 0.4346, f1 0.6462
acc 0.5628, nmi 0.5323, ari 0.4534, f1 0.5179
acc 0.5612, nmi 0.5319, ari 0.4529, f1 0.5160
acc 0.5630, nmi 0.5337, ari 0.4548, f1 0.5176
acc 0.5634, nmi 0.5338, ari 0.4552, f1 0.5177
acc 0.5634, nmi 0.5340, ari 0.4554, f1 0.5177
acc 0.5637, nmi 0.5348, ari 0.4560, f1 0.5180
acc 0.5670, nmi 0.5375, ari 0.4599, f1 0.5209
acc 0.5698, nmi 0.5404, ari 0.4614, f1 0.5234
acc 0.5776, nmi 0.5457, ari 0.4677, f1 0.5317
acc 0.5798, nmi 0.5501, ari 0.4712, f1 0.5340
acc 0.5803, nmi 0.5531, ari 0.4731, f1 0.5348
acc 0.5812, nmi 0.5552, ari 0.4748, f1 0.5357
acc 0.5820, nmi 0.5580, ari 0.4767, f1 0.5368
acc 0.5824, nmi 0.5590, ari 0.4772, f1 0.5374
acc 0.5832, nmi 0.5615, ari 0.4787, f1 0.5381
acc 0.5829, nmi 0.5621, ari 0.4798, f1 0.5376
acc 0.5849, nmi 0.5639, ari 0.4805, f1 0.5398
acc 0.5832, nmi 0.5647, ari 0.4813, f1 0.5376
acc 0.5846, nmi 0.5658, ari 0.4814, f1 0.5395
acc 0.5862, nmi 0.5667, ari 0.4823, f1 0.5410
acc 0.5864, nmi 0.5671, ari 0.4826, f1 0.5412
acc 0.5881, nmi 0.5700, ari 0.4846, f1 0.5434
acc 0.7776, nmi 0.6464, ari 0.5803, f1 0.7796
acc 0.7775, nmi 0.6458, ari 0.5792, f1 0.7801
acc 0.7773, nmi 0.6464, ari 0.5785, f1 0.7800
acc 0.7787, nmi 0.6486, ari 0.5809, f1 0.7815
acc 0.7802, nmi 0.6516, ari 0.5846, f1 0.7821
acc 0.7809, nmi 0.6529, ari 0.5857, f1 0.7830
acc 0.7808, nmi 0.6534, ari 0.5857, f1 0.7827
acc 0.7817, nmi 0.6544, ari 0.5868, f1 0.7838
acc 0.7828, nmi 0.6558, ari 0.5886, f1 0.7850
acc 0.7831, nmi 0.6566, ari 0.5900, f1 0.7850
acc 0.7831, nmi 0.6568, ari 0.5902, f1 0.7849
acc 0.7833, nmi 0.6576, ari 0.5907, f1 0.7852
acc 0.7839, nmi 0.6584, ari 0.5917, f1 0.7857
acc 0.7843, nmi 0.6593, ari 0.5920, f1 0.7862
acc 0.7858, nmi 0.6616, ari 0.5947, f1 0.7876
acc 0.7851, nmi 0.6616, ari 0.5933, f1 0.7874
acc 0.7861, nmi 0.6622, ari 0.5954, f1 0.7879
acc 0.7862, nmi 0.6623, ari 0.5957, f1 0.7879
acc 0.7863, nmi 0.6621, ari 0.5958, f1 0.7880
acc 0.7864, nmi 0.6629, ari 0.5961, f1 0.7881
acc 0.7867, nmi 0.6633, ari 0.5965, f1 0.7885
acc 0.7879, nmi 0.6652, ari 0.5980, f1 0.7901
acc 0.7881, nmi 0.6664, ari 0.5991, f1 0.7903
acc 0.7882, nmi 0.6664, ari 0.5993, f1 0.7904
acc 0.7882, nmi 0.6672, ari 0.5997, f1 0.7904
acc 0.7880, nmi 0.6672, ari 0.5994, f1 0.7903
acc 0.7876, nmi 0.6672, ari 0.5989, f1 0.7899
acc 0.7888, nmi 0.6682, ari 0.6005, f1 0.7911
acc 0.7884, nmi 0.6684, ari 0.6005, f1 0.7906
acc 0.7887, nmi 0.6692, ari 0.6009, f1 0.7909
acc 0.7907, nmi 0.6724, ari 0.6045, f1 0.7928
acc 0.7908, nmi 0.6728, ari 0.6048, f1 0.7929
acc 0.7903, nmi 0.6719, ari 0.6038, f1 0.7924
acc 0.7912, nmi 0.6742, ari 0.6060, f1 0.7934
acc 0.7914, nmi 0.6739, ari 0.6059, f1 0.7935
acc 0.7928, nmi 0.6757, ari 0.6084, f1 0.7949
acc 0.7930, nmi 0.6762, ari 0.6090, f1 0.7950
acc 0.7932, nmi 0.6765, ari 0.6095, f1 0.7952
acc 0.7654, nmi 0.6802, ari 0.6056, f1 0.7543
acc 0.7945, nmi 0.6786, ari 0.6121, f1 0.7964
acc 0.7930, nmi 0.6767, ari 0.6094, f1 0.7948
acc 0.7948, nmi 0.6796, ari 0.6130, f1 0.7967
acc 0.7960, nmi 0.6808, ari 0.6143, f1 0.7980
acc 0.7964, nmi 0.6815, ari 0.6152, f1 0.7984
acc 0.7963, nmi 0.6816, ari 0.6156, f1 0.7980
acc 0.7967, nmi 0.6826, ari 0.6169, f1 0.7983
acc 0.7975, nmi 0.6834, ari 0.6181, f1 0.7990
acc 0.7977, nmi 0.6837, ari 0.6185, f1 0.7994
acc 0.7544, nmi 0.6887, ari 0.6068, f1 0.7399
acc 0.7569, nmi 0.6907, ari 0.6106, f1 0.7405
acc 0.7578, nmi 0.6917, ari 0.6119, f1 0.7415
acc 0.7546, nmi 0.6899, ari 0.6081, f1 0.7397
acc 0.7581, nmi 0.6927, ari 0.6126, f1 0.7418
acc 0.7574, nmi 0.6934, ari 0.6123, f1 0.7411
acc 0.7582, nmi 0.6938, ari 0.6133, f1 0.7419
acc 0.7590, nmi 0.6940, ari 0.6136, f1 0.7432
acc 0.7565, nmi 0.6941, ari 0.6124, f1 0.7400
acc 0.7590, nmi 0.6945, ari 0.6141, f1 0.7432
acc 0.7582, nmi 0.6940, ari 0.6134, f1 0.7423
acc 0.7569, nmi 0.6963, ari 0.6139, f1 0.7405
acc 0.7579, nmi 0.6953, ari 0.6139, f1 0.7419
acc 0.7595, nmi 0.6971, ari 0.6165, f1 0.7431
acc 0.7569, nmi 0.6977, ari 0.6151, f1 0.7402
acc 0.7566, nmi 0.6971, ari 0.6145, f1 0.7401
acc 0.7575, nmi 0.6990, ari 0.6161, f1 0.7411
acc 0.7576, nmi 0.6993, ari 0.6163, f1 0.7414
acc 0.7575, nmi 0.6996, ari 0.6165, f1 0.7412
acc 0.7579, nmi 0.7011, ari 0.6178, f1 0.7414
acc 0.7584, nmi 0.7016, ari 0.6185, f1 0.7419
acc 0.7584, nmi 0.7019, ari 0.6189, f1 0.7416
acc 0.7562, nmi 0.7033, ari 0.6191, f1 0.7384
acc 0.7566, nmi 0.7041, ari 0.6201, f1 0.7388
acc 0.7570, nmi 0.7050, ari 0.6210, f1 0.7387
acc 0.7563, nmi 0.7052, ari 0.6207, f1 0.7378
acc 0.7580, nmi 0.7060, ari 0.6229, f1 0.7389
acc 0.7579, nmi 0.7071, ari 0.6237, f1 0.7383
acc 0.7576, nmi 0.7063, ari 0.6229, f1 0.7382
acc 0.7542, nmi 0.7081, ari 0.6235, f1 0.7326
acc 0.7547, nmi 0.7086, ari 0.6242, f1 0.7331
acc 0.7540, nmi 0.7088, ari 0.6241, f1 0.7321
acc 0.7531, nmi 0.7094, ari 0.6241, f1 0.7308
acc 0.7529, nmi 0.7098, ari 0.6242, f1 0.7306
acc 0.7489, nmi 0.7163, ari 0.6285, f1 0.7206
acc 0.7527, nmi 0.7110, ari 0.6251, f1 0.7294
acc 0.7477, nmi 0.7162, ari 0.6278, f1 0.7195
acc 0.7477, nmi 0.7164, ari 0.6279, f1 0.7195
acc 0.7477, nmi 0.7166, ari 0.6283, f1 0.7196
acc 0.7476, nmi 0.7168, ari 0.6283, f1 0.7195
acc 0.7477, nmi 0.7171, ari 0.6286, f1 0.7196
acc 0.7478, nmi 0.7175, ari 0.6289, f1 0.7198
acc 0.7479, nmi 0.7178, ari 0.6290, f1 0.7200
acc 0.7479, nmi 0.7186, ari 0.6297, f1 0.7199
acc 0.7486, nmi 0.7197, ari 0.6308, f1 0.7207
acc 0.7489, nmi 0.7201, ari 0.6313, f1 0.7209
acc 0.7484, nmi 0.7196, ari 0.6307, f1 0.7202
acc 0.7477, nmi 0.7201, ari 0.6310, f1 0.7191
acc 0.6948, nmi 0.6883, ari 0.6005, f1 0.6574
acc 0.6955, nmi 0.6892, ari 0.6014, f1 0.6581
acc 0.6953, nmi 0.6891, ari 0.6012, f1 0.6579
acc 0.6921, nmi 0.6872, ari 0.5983, f1 0.6551
acc 0.6932, nmi 0.6888, ari 0.6001, f1 0.6563
acc 0.6928, nmi 0.6886, ari 0.5999, f1 0.6560
acc 0.6921, nmi 0.6880, ari 0.5993, f1 0.6553
acc 0.6938, nmi 0.6891, ari 0.6006, f1 0.6568
acc 0.6928, nmi 0.6885, ari 0.5999, f1 0.6560
acc 0.6928, nmi 0.6887, ari 0.6000, f1 0.6559
acc 0.6929, nmi 0.6896, ari 0.6007, f1 0.6561
acc 0.6931, nmi 0.6901, ari 0.6011, f1 0.6563
acc 0.6918, nmi 0.6894, ari 0.6000, f1 0.6550
acc 0.6919, nmi 0.6900, ari 0.6006, f1 0.6552
acc 0.6925, nmi 0.6904, ari 0.6013, f1 0.6559
acc 0.6915, nmi 0.6901, ari 0.6005, f1 0.6549
acc 0.6925, nmi 0.6917, ari 0.6024, f1 0.6560
acc 0.6925, nmi 0.6918, ari 0.6024, f1 0.6561
acc 0.6926, nmi 0.6922, ari 0.6029, f1 0.6562
acc 0.6926, nmi 0.6926, ari 0.6031, f1 0.6562
acc 0.6922, nmi 0.6928, ari 0.6032, f1 0.6559
acc 0.6926, nmi 0.6933, ari 0.6038, f1 0.6563
acc 0.6925, nmi 0.6936, ari 0.6039, f1 0.6562
acc 0.6935, nmi 0.6945, ari 0.6053, f1 0.6572
acc 0.6921, nmi 0.6934, ari 0.6040, f1 0.6558
acc 0.6940, nmi 0.6952, ari 0.6060, f1 0.6577
acc 0.6925, nmi 0.6941, ari 0.6048, f1 0.6563
acc 0.6932, nmi 0.6951, ari 0.6059, f1 0.6570
acc 0.6924, nmi 0.6950, ari 0.6054, f1 0.6566
acc 0.6895, nmi 0.6931, ari 0.6029, f1 0.6538
acc 0.6940, nmi 0.6970, ari 0.6078, f1 0.6582
acc 0.6929, nmi 0.6960, ari 0.6066, f1 0.6571
acc 0.6960, nmi 0.6981, ari 0.6092, f1 0.6599
acc 0.6943, nmi 0.6979, ari 0.6087, f1 0.6587
acc 0.6960, nmi 0.6987, ari 0.6098, f1 0.6600
acc 0.6961, nmi 0.6988, ari 0.6100, f1 0.6601
acc 0.6948, nmi 0.6987, ari 0.6096, f1 0.6591
acc 0.6964, nmi 0.6996, ari 0.6109, f1 0.6605
acc 0.6954, nmi 0.6995, ari 0.6106, f1 0.6597
acc 0.6949, nmi 0.6993, ari 0.6101, f1 0.6592
acc 0.6957, nmi 0.6999, ari 0.6110, f1 0.6600
acc 0.6944, nmi 0.6995, ari 0.6102, f1 0.6588
