acc 0.6078, nmi 0.3223, ari 0.3250, f1 0.5740
acc 0.6096, nmi 0.3273, ari 0.3275, f1 0.5772
acc 0.6156, nmi 0.3396, ari 0.3398, f1 0.5818
acc 0.6216, nmi 0.3521, ari 0.3491, f1 0.5878
acc 0.6279, nmi 0.3631, ari 0.3577, f1 0.5962
acc 0.6384, nmi 0.3735, ari 0.3706, f1 0.6067
acc 0.6360, nmi 0.3756, ari 0.3707, f1 0.6038
acc 0.6387, nmi 0.3776, ari 0.3772, f1 0.6090
acc 0.6369, nmi 0.3837, ari 0.3812, f1 0.6073
acc 0.6381, nmi 0.3905, ari 0.3868, f1 0.6093
acc 0.6381, nmi 0.3917, ari 0.3872, f1 0.6078
acc 0.6384, nmi 0.3966, ari 0.3909, f1 0.6087
acc 0.6369, nmi 0.3887, ari 0.3845, f1 0.6051
acc 0.6384, nmi 0.3901, ari 0.3868, f1 0.6066
acc 0.6432, nmi 0.3940, ari 0.3938, f1 0.6110
acc 0.6396, nmi 0.3945, ari 0.3906, f1 0.6097
acc 0.6429, nmi 0.3975, ari 0.3962, f1 0.6115
acc 0.6105, nmi 0.3801, ari 0.3629, f1 0.5863
acc 0.6105, nmi 0.3809, ari 0.3633, f1 0.5863
acc 0.6171, nmi 0.3852, ari 0.3718, f1 0.5911
acc 0.6216, nmi 0.3899, ari 0.3787, f1 0.5945
acc 0.6234, nmi 0.3928, ari 0.3817, f1 0.5962
acc 0.6315, nmi 0.3986, ari 0.3898, f1 0.6050
acc 0.6315, nmi 0.4027, ari 0.3945, f1 0.6015
acc 0.6342, nmi 0.4055, ari 0.3986, f1 0.6037
acc 0.6357, nmi 0.4084, ari 0.4018, f1 0.6052
acc 0.6360, nmi 0.4094, ari 0.4028, f1 0.6059
acc 0.6417, nmi 0.4150, ari 0.4105, f1 0.6109
acc 0.6516, nmi 0.4176, ari 0.4148, f1 0.6244
acc 0.6504, nmi 0.4158, ari 0.4140, f1 0.6228
acc 0.6507, nmi 0.4154, ari 0.4132, f1 0.6236
acc 0.6534, nmi 0.4157, ari 0.4159, f1 0.6249
acc 0.6405, nmi 0.4183, ari 0.4119, f1 0.6128
acc 0.6459, nmi 0.4216, ari 0.4178, f1 0.6172
acc 0.6474, nmi 0.4200, ari 0.4183, f1 0.6182
acc 0.6489, nmi 0.4205, ari 0.4200, f1 0.6189
acc 0.6501, nmi 0.4198, ari 0.4202, f1 0.6199
acc 0.6519, nmi 0.4205, ari 0.4219, f1 0.6222
acc 0.6573, nmi 0.4228, ari 0.4258, f1 0.6280
acc 0.6576, nmi 0.4218, ari 0.4258, f1 0.6281
acc 0.6598, nmi 0.4239, ari 0.4291, f1 0.6293
acc 0.6625, nmi 0.4254, ari 0.4338, f1 0.6283
acc 0.6646, nmi 0.4269, ari 0.4359, f1 0.6302
acc 0.6784, nmi 0.4281, ari 0.4429, f1 0.6455
acc 0.6778, nmi 0.4276, ari 0.4423, f1 0.6448
acc 0.6784, nmi 0.4276, ari 0.4427, f1 0.6451
acc 0.6826, nmi 0.4310, ari 0.4483, f1 0.6481
acc 0.6853, nmi 0.4320, ari 0.4517, f1 0.6494
acc 0.6859, nmi 0.4320, ari 0.4523, f1 0.6496
acc 0.6928, nmi 0.4357, ari 0.4610, f1 0.6487
acc 0.6940, nmi 0.4352, ari 0.4613, f1 0.6505
acc 0.6961, nmi 0.4374, ari 0.4640, f1 0.6520
acc 0.6964, nmi 0.4375, ari 0.4643, f1 0.6522
acc 0.6970, nmi 0.4387, ari 0.4658, f1 0.6520
acc 0.6979, nmi 0.4393, ari 0.4670, f1 0.6518
acc 0.6967, nmi 0.4382, ari 0.4655, f1 0.6504
acc 0.6964, nmi 0.4367, ari 0.4643, f1 0.6496
acc 0.6973, nmi 0.4378, ari 0.4659, f1 0.6504
acc 0.6946, nmi 0.4338, ari 0.4633, f1 0.6505
acc 0.6952, nmi 0.4343, ari 0.4642, f1 0.6506
acc 0.6955, nmi 0.4347, ari 0.4649, f1 0.6504
acc 0.6964, nmi 0.4360, ari 0.4662, f1 0.6512
acc 0.6973, nmi 0.4375, ari 0.4677, f1 0.6521
acc 0.6967, nmi 0.4374, ari 0.4676, f1 0.6504
acc 0.6970, nmi 0.4373, ari 0.4677, f1 0.6506
acc 0.6970, nmi 0.4375, ari 0.4682, f1 0.6501
acc 0.6964, nmi 0.4372, ari 0.4678, f1 0.6494
acc 0.7024, nmi 0.4399, ari 0.4724, f1 0.6533
acc 0.7021, nmi 0.4391, ari 0.4717, f1 0.6525
acc 0.7027, nmi 0.4396, ari 0.4724, f1 0.6529
acc 0.7036, nmi 0.4399, ari 0.4731, f1 0.6533
acc 0.7042, nmi 0.4406, ari 0.4741, f1 0.6539
acc 0.7012, nmi 0.4394, ari 0.4730, f1 0.6491
acc 0.7024, nmi 0.4401, ari 0.4740, f1 0.6494
acc 0.7024, nmi 0.4400, ari 0.4742, f1 0.6494
acc 0.7030, nmi 0.4404, ari 0.4748, f1 0.6498
acc 0.7033, nmi 0.4414, ari 0.4758, f1 0.6492
acc 0.7030, nmi 0.4410, ari 0.4753, f1 0.6474
acc 0.7027, nmi 0.4421, ari 0.4766, f1 0.6442
acc 0.7033, nmi 0.4426, ari 0.4773, f1 0.6446
acc 0.7036, nmi 0.4423, ari 0.4771, f1 0.6451
acc 0.7039, nmi 0.4425, ari 0.4774, f1 0.6447
acc 0.7042, nmi 0.4424, ari 0.4772, f1 0.6447
acc 0.7054, nmi 0.4432, ari 0.4783, f1 0.6461
acc 0.7072, nmi 0.4423, ari 0.4781, f1 0.6486
acc 0.7066, nmi 0.4426, ari 0.4780, f1 0.6458
acc 0.7081, nmi 0.4422, ari 0.4786, f1 0.6477
acc 0.7084, nmi 0.4423, ari 0.4787, f1 0.6479
acc 0.7090, nmi 0.4431, ari 0.4795, f1 0.6458
acc 0.7102, nmi 0.4428, ari 0.4796, f1 0.6469
acc 0.7102, nmi 0.4431, ari 0.4800, f1 0.6463
acc 0.7102, nmi 0.4427, ari 0.4794, f1 0.6456
acc 0.7118, nmi 0.4440, ari 0.4808, f1 0.6471
acc 0.7124, nmi 0.4444, ari 0.4813, f1 0.6476
acc 0.7124, nmi 0.4447, ari 0.4818, f1 0.6456
acc 0.7127, nmi 0.4447, ari 0.4818, f1 0.6457
acc 0.7136, nmi 0.4459, ari 0.4828, f1 0.6458
acc 0.7142, nmi 0.4464, ari 0.4833, f1 0.6462
acc 0.7142, nmi 0.4463, ari 0.4831, f1 0.6462
acc 0.7145, nmi 0.4466, ari 0.4835, f1 0.6464
acc 0.7136, nmi 0.4460, ari 0.4826, f1 0.6444
acc 0.7142, nmi 0.4463, ari 0.4825, f1 0.6438
acc 0.7148, nmi 0.4464, ari 0.4831, f1 0.6456
acc 0.7151, nmi 0.4472, ari 0.4835, f1 0.6435
acc 0.7160, nmi 0.4479, ari 0.4842, f1 0.6448
acc 0.7160, nmi 0.4479, ari 0.4842, f1 0.6448
acc 0.7160, nmi 0.4477, ari 0.4838, f1 0.6448
acc 0.7163, nmi 0.4479, ari 0.4841, f1 0.6450
acc 0.7166, nmi 0.4483, ari 0.4845, f1 0.6444
acc 0.7142, nmi 0.4479, ari 0.4829, f1 0.6402
acc 0.7169, nmi 0.4481, ari 0.4843, f1 0.6437
acc 0.7169, nmi 0.4478, ari 0.4840, f1 0.6436
acc 0.7157, nmi 0.4476, ari 0.4828, f1 0.6414
acc 0.7154, nmi 0.4473, ari 0.4824, f1 0.6412
acc 0.7145, nmi 0.4470, ari 0.4818, f1 0.6400
acc 0.7139, nmi 0.4465, ari 0.4812, f1 0.6388
acc 0.7139, nmi 0.4468, ari 0.4807, f1 0.6379
acc 0.7139, nmi 0.4467, ari 0.4804, f1 0.6377
acc 0.7139, nmi 0.4463, ari 0.4802, f1 0.6376
acc 0.7145, nmi 0.4466, ari 0.4807, f1 0.6379
acc 0.7145, nmi 0.4468, ari 0.4809, f1 0.6380
acc 0.7148, nmi 0.4466, ari 0.4808, f1 0.6381
acc 0.7148, nmi 0.4470, ari 0.4805, f1 0.6373
acc 0.7151, nmi 0.4474, ari 0.4813, f1 0.6376
acc 0.7151, nmi 0.4474, ari 0.4813, f1 0.6376
acc 0.7154, nmi 0.4476, ari 0.4817, f1 0.6378
acc 0.7148, nmi 0.4463, ari 0.4798, f1 0.6362
acc 0.7187, nmi 0.4490, ari 0.4835, f1 0.6363
acc 0.7187, nmi 0.4490, ari 0.4835, f1 0.6363
acc 0.7160, nmi 0.4471, ari 0.4805, f1 0.6349
acc 0.7166, nmi 0.4475, ari 0.4812, f1 0.6352
acc 0.7187, nmi 0.4485, ari 0.4830, f1 0.6371
acc 0.7163, nmi 0.4472, ari 0.4806, f1 0.6350
acc 0.7166, nmi 0.4474, ari 0.4810, f1 0.6352
acc 0.7169, nmi 0.4478, ari 0.4814, f1 0.6355
acc 0.7166, nmi 0.4476, ari 0.4811, f1 0.6353
acc 0.7166, nmi 0.4476, ari 0.4811, f1 0.6353
acc 0.7166, nmi 0.4476, ari 0.4811, f1 0.6353
acc 0.7166, nmi 0.4476, ari 0.4811, f1 0.6353
acc 0.7166, nmi 0.4476, ari 0.4811, f1 0.6353
acc 0.7172, nmi 0.4481, ari 0.4816, f1 0.6357
acc 0.7172, nmi 0.4481, ari 0.4816, f1 0.6357
acc 0.7172, nmi 0.4481, ari 0.4816, f1 0.6357
acc 0.7172, nmi 0.4481, ari 0.4816, f1 0.6357
acc 0.7175, nmi 0.4483, ari 0.4820, f1 0.6358
acc 0.7169, nmi 0.4479, ari 0.4813, f1 0.6355
acc 0.7175, nmi 0.4481, ari 0.4818, f1 0.6358
acc 0.7172, nmi 0.4482, ari 0.4816, f1 0.6357
acc 0.7175, nmi 0.4482, ari 0.4817, f1 0.6358
acc 0.7178, nmi 0.4483, ari 0.4819, f1 0.6359
acc 0.7184, nmi 0.4487, ari 0.4826, f1 0.6362
acc 0.7184, nmi 0.4487, ari 0.4826, f1 0.6362
acc 0.7184, nmi 0.4487, ari 0.4826, f1 0.6362
acc 0.7181, nmi 0.4484, ari 0.4820, f1 0.6360
acc 0.7187, nmi 0.4487, ari 0.4825, f1 0.6363
acc 0.7190, nmi 0.4489, ari 0.4828, f1 0.6364
acc 0.7190, nmi 0.4489, ari 0.4828, f1 0.6364
acc 0.7190, nmi 0.4489, ari 0.4829, f1 0.6364
acc 0.7190, nmi 0.4488, ari 0.4827, f1 0.6364
acc 0.7190, nmi 0.4491, ari 0.4829, f1 0.6365
acc 0.7187, nmi 0.4486, ari 0.4823, f1 0.6362
acc 0.7187, nmi 0.4486, ari 0.4823, f1 0.6362
acc 0.7187, nmi 0.4486, ari 0.4823, f1 0.6362
acc 0.7184, nmi 0.4482, ari 0.4820, f1 0.6360
acc 0.7184, nmi 0.4482, ari 0.4820, f1 0.6360
acc 0.7184, nmi 0.4482, ari 0.4820, f1 0.6360
acc 0.7184, nmi 0.4482, ari 0.4820, f1 0.6360
acc 0.7184, nmi 0.4483, ari 0.4823, f1 0.6360
acc 0.7181, nmi 0.4479, ari 0.4817, f1 0.6358
acc 0.7181, nmi 0.4481, ari 0.4819, f1 0.6349
acc 0.7181, nmi 0.4481, ari 0.4819, f1 0.6349
acc 0.7184, nmi 0.4480, ari 0.4818, f1 0.6349
acc 0.7184, nmi 0.4480, ari 0.4818, f1 0.6349
acc 0.7184, nmi 0.4480, ari 0.4818, f1 0.6349
acc 0.7184, nmi 0.4480, ari 0.4818, f1 0.6349
acc 0.7181, nmi 0.4478, ari 0.4814, f1 0.6347
acc 0.7169, nmi 0.4471, ari 0.4802, f1 0.6341
acc 0.7169, nmi 0.4471, ari 0.4802, f1 0.6341
acc 0.7169, nmi 0.4471, ari 0.4802, f1 0.6341
acc 0.7169, nmi 0.4470, ari 0.4800, f1 0.6341
acc 0.7181, nmi 0.4477, ari 0.4812, f1 0.6347
acc 0.7172, nmi 0.4473, ari 0.4801, f1 0.6342
acc 0.7169, nmi 0.4474, ari 0.4801, f1 0.6331
acc 0.7169, nmi 0.4474, ari 0.4801, f1 0.6331
acc 0.7169, nmi 0.4474, ari 0.4801, f1 0.6331
acc 0.7169, nmi 0.4474, ari 0.4801, f1 0.6331
acc 0.7169, nmi 0.4474, ari 0.4801, f1 0.6331
acc 0.7169, nmi 0.4474, ari 0.4801, f1 0.6331
acc 0.7169, nmi 0.4474, ari 0.4801, f1 0.6331
acc 0.7169, nmi 0.4474, ari 0.4801, f1 0.6331
acc 0.7169, nmi 0.4474, ari 0.4801, f1 0.6331
acc 0.7169, nmi 0.4474, ari 0.4801, f1 0.6331
acc 0.7169, nmi 0.4474, ari 0.4801, f1 0.6331
acc 0.7169, nmi 0.4474, ari 0.4801, f1 0.6331
acc 0.7169, nmi 0.4474, ari 0.4801, f1 0.6331
acc 0.7169, nmi 0.4474, ari 0.4801, f1 0.6331
acc 0.7163, nmi 0.4470, ari 0.4794, f1 0.6328
acc 0.7166, nmi 0.4472, ari 0.4798, f1 0.6330
acc 0.7166, nmi 0.4471, ari 0.4799, f1 0.6329
acc 0.7166, nmi 0.4471, ari 0.4799, f1 0.6329
