acc 0.6078, nmi 0.3223, ari 0.3250, f1 0.5740
acc 0.6038, nmi 0.3199, ari 0.3200, f1 0.5721
acc 0.6038, nmi 0.3210, ari 0.3192, f1 0.5691
acc 0.5855, nmi 0.3066, ari 0.3073, f1 0.5411
acc 0.5864, nmi 0.3091, ari 0.3081, f1 0.5418
acc 0.5894, nmi 0.3144, ari 0.3126, f1 0.5458
acc 0.5903, nmi 0.3145, ari 0.3132, f1 0.5464
acc 0.6207, nmi 0.3456, ari 0.3427, f1 0.5916
acc 0.6237, nmi 0.3513, ari 0.3473, f1 0.5953
acc 0.6279, nmi 0.3573, ari 0.3537, f1 0.5996
acc 0.6288, nmi 0.3593, ari 0.3553, f1 0.6003
acc 0.6303, nmi 0.3628, ari 0.3581, f1 0.5956
acc 0.6315, nmi 0.3657, ari 0.3608, f1 0.5973
acc 0.6333, nmi 0.3685, ari 0.3638, f1 0.5981
acc 0.6345, nmi 0.3694, ari 0.3653, f1 0.5994
acc 0.6417, nmi 0.3770, ari 0.3752, f1 0.6049
acc 0.6420, nmi 0.3773, ari 0.3748, f1 0.6057
acc 0.6450, nmi 0.3811, ari 0.3801, f1 0.6082
acc 0.6453, nmi 0.3850, ari 0.3826, f1 0.6094
acc 0.6435, nmi 0.3839, ari 0.3798, f1 0.6079
acc 0.6396, nmi 0.3814, ari 0.3761, f1 0.6050
acc 0.6399, nmi 0.3826, ari 0.3766, f1 0.6048
acc 0.6393, nmi 0.3819, ari 0.3759, f1 0.6038
acc 0.6417, nmi 0.3858, ari 0.3815, f1 0.6070
acc 0.6408, nmi 0.3824, ari 0.3792, f1 0.6053
acc 0.6354, nmi 0.3830, ari 0.3766, f1 0.6019
acc 0.6384, nmi 0.3860, ari 0.3838, f1 0.6062
acc 0.6399, nmi 0.3896, ari 0.3873, f1 0.6078
acc 0.6417, nmi 0.3925, ari 0.3906, f1 0.6100
acc 0.6429, nmi 0.3937, ari 0.3925, f1 0.6107
acc 0.6432, nmi 0.3948, ari 0.3932, f1 0.6112
acc 0.6447, nmi 0.3951, ari 0.3935, f1 0.6108
acc 0.6435, nmi 0.4028, ari 0.3958, f1 0.6155
acc 0.6453, nmi 0.3974, ari 0.3963, f1 0.6147
acc 0.6276, nmi 0.3941, ari 0.3811, f1 0.6069
acc 0.6279, nmi 0.3966, ari 0.3831, f1 0.6065
acc 0.6300, nmi 0.3975, ari 0.3852, f1 0.6089
acc 0.6315, nmi 0.4010, ari 0.3885, f1 0.6104
acc 0.6327, nmi 0.4030, ari 0.3907, f1 0.6119
acc 0.6324, nmi 0.4024, ari 0.3903, f1 0.6117
acc 0.6333, nmi 0.4047, ari 0.3919, f1 0.6130
acc 0.6345, nmi 0.4074, ari 0.3948, f1 0.6137
acc 0.6393, nmi 0.4090, ari 0.3992, f1 0.6174
acc 0.6420, nmi 0.4092, ari 0.4001, f1 0.6207
acc 0.6432, nmi 0.4096, ari 0.4012, f1 0.6213
acc 0.6423, nmi 0.4092, ari 0.4007, f1 0.6205
acc 0.6450, nmi 0.4092, ari 0.4023, f1 0.6230
acc 0.6342, nmi 0.4149, ari 0.4032, f1 0.6126
acc 0.6375, nmi 0.4165, ari 0.4064, f1 0.6150
acc 0.6393, nmi 0.4156, ari 0.4064, f1 0.6172
acc 0.6390, nmi 0.4163, ari 0.4067, f1 0.6171
acc 0.6423, nmi 0.4204, ari 0.4116, f1 0.6195
acc 0.6426, nmi 0.4158, ari 0.4065, f1 0.6213
acc 0.6420, nmi 0.4152, ari 0.4058, f1 0.6206
acc 0.6504, nmi 0.4132, ari 0.4084, f1 0.6280
acc 0.6474, nmi 0.4121, ari 0.4102, f1 0.6220
acc 0.6489, nmi 0.4130, ari 0.4118, f1 0.6232
acc 0.6510, nmi 0.4141, ari 0.4142, f1 0.6246
acc 0.6519, nmi 0.4143, ari 0.4150, f1 0.6255
acc 0.6601, nmi 0.4174, ari 0.4218, f1 0.6326
acc 0.6655, nmi 0.4194, ari 0.4273, f1 0.6362
acc 0.6652, nmi 0.4191, ari 0.4269, f1 0.6360
acc 0.6658, nmi 0.4199, ari 0.4283, f1 0.6355
acc 0.6664, nmi 0.4218, ari 0.4304, f1 0.6360
acc 0.6667, nmi 0.4215, ari 0.4302, f1 0.6365
acc 0.6673, nmi 0.4216, ari 0.4306, f1 0.6369
acc 0.6691, nmi 0.4221, ari 0.4322, f1 0.6384
acc 0.6697, nmi 0.4220, ari 0.4324, f1 0.6392
acc 0.6703, nmi 0.4220, ari 0.4333, f1 0.6390
acc 0.6703, nmi 0.4227, ari 0.4339, f1 0.6389
acc 0.6721, nmi 0.4234, ari 0.4358, f1 0.6397
acc 0.6757, nmi 0.4256, ari 0.4381, f1 0.6433
acc 0.6751, nmi 0.4249, ari 0.4380, f1 0.6430
acc 0.6772, nmi 0.4274, ari 0.4402, f1 0.6445
acc 0.6769, nmi 0.4273, ari 0.4402, f1 0.6437
acc 0.6766, nmi 0.4266, ari 0.4396, f1 0.6438
acc 0.6772, nmi 0.4273, ari 0.4406, f1 0.6441
acc 0.6808, nmi 0.4311, ari 0.4449, f1 0.6465
acc 0.6850, nmi 0.4357, ari 0.4510, f1 0.6469
acc 0.6844, nmi 0.4355, ari 0.4507, f1 0.6458
acc 0.6856, nmi 0.4354, ari 0.4522, f1 0.6466
acc 0.6856, nmi 0.4359, ari 0.4526, f1 0.6462
acc 0.6889, nmi 0.4399, ari 0.4568, f1 0.6486
acc 0.6889, nmi 0.4399, ari 0.4572, f1 0.6481
acc 0.6913, nmi 0.4420, ari 0.4602, f1 0.6493
acc 0.6907, nmi 0.4408, ari 0.4589, f1 0.6487
acc 0.6898, nmi 0.4407, ari 0.4583, f1 0.6479
acc 0.6901, nmi 0.4411, ari 0.4586, f1 0.6478
acc 0.6790, nmi 0.4324, ari 0.4412, f1 0.6251
acc 0.6799, nmi 0.4322, ari 0.4416, f1 0.6259
acc 0.6826, nmi 0.4334, ari 0.4440, f1 0.6284
acc 0.6829, nmi 0.4326, ari 0.4435, f1 0.6291
acc 0.6823, nmi 0.4325, ari 0.4429, f1 0.6281
acc 0.6820, nmi 0.4315, ari 0.4420, f1 0.6272
acc 0.6838, nmi 0.4340, ari 0.4449, f1 0.6287
acc 0.6844, nmi 0.4341, ari 0.4459, f1 0.6291
acc 0.6844, nmi 0.4337, ari 0.4453, f1 0.6289
acc 0.6856, nmi 0.4353, ari 0.4470, f1 0.6299
acc 0.6859, nmi 0.4359, ari 0.4477, f1 0.6301
acc 0.6859, nmi 0.4358, ari 0.4476, f1 0.6302
acc 0.6862, nmi 0.4362, ari 0.4485, f1 0.6305
acc 0.6871, nmi 0.4374, ari 0.4502, f1 0.6312
acc 0.6883, nmi 0.4369, ari 0.4504, f1 0.6331
acc 0.6877, nmi 0.4364, ari 0.4498, f1 0.6326
acc 0.6865, nmi 0.4345, ari 0.4481, f1 0.6315
acc 0.6865, nmi 0.4348, ari 0.4487, f1 0.6311
acc 0.6859, nmi 0.4341, ari 0.4476, f1 0.6306
acc 0.6865, nmi 0.4353, ari 0.4490, f1 0.6311
acc 0.6862, nmi 0.4352, ari 0.4489, f1 0.6304
acc 0.6883, nmi 0.4365, ari 0.4515, f1 0.6315
acc 0.6892, nmi 0.4382, ari 0.4530, f1 0.6322
acc 0.6898, nmi 0.4388, ari 0.4545, f1 0.6327
acc 0.6898, nmi 0.4386, ari 0.4543, f1 0.6327
acc 0.6901, nmi 0.4385, ari 0.4548, f1 0.6328
acc 0.6898, nmi 0.4377, ari 0.4540, f1 0.6325
acc 0.6898, nmi 0.4373, ari 0.4539, f1 0.6326
acc 0.6895, nmi 0.4370, ari 0.4533, f1 0.6324
acc 0.6898, nmi 0.4378, ari 0.4542, f1 0.6325
acc 0.6904, nmi 0.4388, ari 0.4551, f1 0.6330
acc 0.6898, nmi 0.4391, ari 0.4550, f1 0.6325
acc 0.6898, nmi 0.4395, ari 0.4551, f1 0.6323
acc 0.6901, nmi 0.4400, ari 0.4557, f1 0.6326
acc 0.6904, nmi 0.4405, ari 0.4564, f1 0.6328
acc 0.6901, nmi 0.4401, ari 0.4561, f1 0.6319
acc 0.6901, nmi 0.4404, ari 0.4562, f1 0.6325
acc 0.6901, nmi 0.4406, ari 0.4564, f1 0.6325
acc 0.6895, nmi 0.4402, ari 0.4557, f1 0.6320
acc 0.6886, nmi 0.4402, ari 0.4551, f1 0.6314
acc 0.6889, nmi 0.4407, ari 0.4558, f1 0.6317
acc 0.6889, nmi 0.4407, ari 0.4558, f1 0.6317
acc 0.6889, nmi 0.4405, ari 0.4557, f1 0.6315
acc 0.6895, nmi 0.4412, ari 0.4568, f1 0.6319
acc 0.6892, nmi 0.4407, ari 0.4563, f1 0.6316
acc 0.6889, nmi 0.4406, ari 0.4560, f1 0.6313
acc 0.6886, nmi 0.4402, ari 0.4554, f1 0.6310
acc 0.6889, nmi 0.4403, ari 0.4556, f1 0.6313
acc 0.6889, nmi 0.4404, ari 0.4556, f1 0.6313
acc 0.6889, nmi 0.4404, ari 0.4556, f1 0.6313
acc 0.6880, nmi 0.4400, ari 0.4547, f1 0.6305
acc 0.6883, nmi 0.4397, ari 0.4547, f1 0.6308
acc 0.6874, nmi 0.4388, ari 0.4537, f1 0.6301
acc 0.6871, nmi 0.4383, ari 0.4532, f1 0.6298
acc 0.6892, nmi 0.4395, ari 0.4551, f1 0.6309
acc 0.6886, nmi 0.4393, ari 0.4546, f1 0.6304
acc 0.6883, nmi 0.4388, ari 0.4540, f1 0.6302
acc 0.6874, nmi 0.4390, ari 0.4532, f1 0.6306
acc 0.6874, nmi 0.4389, ari 0.4532, f1 0.6306
acc 0.6874, nmi 0.4389, ari 0.4532, f1 0.6306
acc 0.6874, nmi 0.4389, ari 0.4532, f1 0.6306
acc 0.6871, nmi 0.4385, ari 0.4528, f1 0.6304
acc 0.6871, nmi 0.4385, ari 0.4528, f1 0.6304
acc 0.6871, nmi 0.4385, ari 0.4528, f1 0.6304
acc 0.6871, nmi 0.4385, ari 0.4528, f1 0.6304
acc 0.6871, nmi 0.4385, ari 0.4528, f1 0.6304
acc 0.6871, nmi 0.4378, ari 0.4524, f1 0.6303
acc 0.6868, nmi 0.4375, ari 0.4520, f1 0.6301
acc 0.6874, nmi 0.4382, ari 0.4528, f1 0.6306
acc 0.6874, nmi 0.4382, ari 0.4528, f1 0.6306
acc 0.6871, nmi 0.4378, ari 0.4526, f1 0.6298
acc 0.6871, nmi 0.4378, ari 0.4526, f1 0.6298
acc 0.6871, nmi 0.4378, ari 0.4526, f1 0.6298
acc 0.6874, nmi 0.4379, ari 0.4527, f1 0.6306
acc 0.6874, nmi 0.4379, ari 0.4527, f1 0.6306
acc 0.6874, nmi 0.4379, ari 0.4527, f1 0.6306
acc 0.6871, nmi 0.4376, ari 0.4522, f1 0.6303
acc 0.6868, nmi 0.4375, ari 0.4520, f1 0.6301
acc 0.6868, nmi 0.4375, ari 0.4520, f1 0.6301
acc 0.6868, nmi 0.4377, ari 0.4519, f1 0.6301
acc 0.6868, nmi 0.4377, ari 0.4519, f1 0.6301
acc 0.6862, nmi 0.4376, ari 0.4515, f1 0.6291
acc 0.6865, nmi 0.4380, ari 0.4520, f1 0.6294
acc 0.6865, nmi 0.4380, ari 0.4520, f1 0.6294
acc 0.6862, nmi 0.4380, ari 0.4519, f1 0.6293
acc 0.6859, nmi 0.4379, ari 0.4516, f1 0.6290
acc 0.6859, nmi 0.4379, ari 0.4516, f1 0.6290
acc 0.6856, nmi 0.4374, ari 0.4512, f1 0.6288
acc 0.6856, nmi 0.4374, ari 0.4512, f1 0.6288
acc 0.6859, nmi 0.4378, ari 0.4517, f1 0.6291
acc 0.6859, nmi 0.4378, ari 0.4517, f1 0.6291
acc 0.6850, nmi 0.4375, ari 0.4507, f1 0.6289
acc 0.6865, nmi 0.4385, ari 0.4522, f1 0.6301
acc 0.6862, nmi 0.4380, ari 0.4517, f1 0.6298
acc 0.6859, nmi 0.4379, ari 0.4514, f1 0.6296
acc 0.6778, nmi 0.4360, ari 0.4459, f1 0.6234
acc 0.6775, nmi 0.4359, ari 0.4457, f1 0.6232
acc 0.6775, nmi 0.4359, ari 0.4457, f1 0.6232
acc 0.6775, nmi 0.4358, ari 0.4456, f1 0.6231
acc 0.6775, nmi 0.4358, ari 0.4456, f1 0.6231
acc 0.6775, nmi 0.4358, ari 0.4456, f1 0.6231
acc 0.6775, nmi 0.4358, ari 0.4456, f1 0.6231
acc 0.6772, nmi 0.4357, ari 0.4454, f1 0.6228
acc 0.6757, nmi 0.4352, ari 0.4442, f1 0.6218
acc 0.6766, nmi 0.4348, ari 0.4443, f1 0.6223
acc 0.6763, nmi 0.4351, ari 0.4444, f1 0.6226
acc 0.6784, nmi 0.4353, ari 0.4457, f1 0.6237
acc 0.6754, nmi 0.4349, ari 0.4439, f1 0.6219
acc 0.6778, nmi 0.4351, ari 0.4453, f1 0.6232
acc 0.6757, nmi 0.4349, ari 0.4440, f1 0.6221
acc 0.6754, nmi 0.4347, ari 0.4438, f1 0.6219
acc 0.6751, nmi 0.4347, ari 0.4436, f1 0.6216
