acc 0.6390, nmi 0.6627, ari 0.5730, f1 0.5966
acc 0.6354, nmi 0.6685, ari 0.5694, f1 0.5946
acc 0.6765, nmi 0.6565, ari 0.5631, f1 0.6644
acc 0.6954, nmi 0.6728, ari 0.5879, f1 0.6826
acc 0.7061, nmi 0.6853, ari 0.6040, f1 0.6935
acc 0.7133, nmi 0.7001, ari 0.6178, f1 0.7018
acc 0.7219, nmi 0.7151, ari 0.6324, f1 0.7100
acc 0.7294, nmi 0.7268, ari 0.6433, f1 0.7178
acc 0.7318, nmi 0.7307, ari 0.6467, f1 0.7198
acc 0.7375, nmi 0.7387, ari 0.6557, f1 0.7264
acc 0.7408, nmi 0.7435, ari 0.6609, f1 0.7302
acc 0.7448, nmi 0.7456, ari 0.6644, f1 0.7332
acc 0.7462, nmi 0.7471, ari 0.6658, f1 0.7346
acc 0.7483, nmi 0.7487, ari 0.6678, f1 0.7366
acc 0.7496, nmi 0.7508, ari 0.6698, f1 0.7382
acc 0.7525, nmi 0.7533, ari 0.6724, f1 0.7410
acc 0.7531, nmi 0.7536, ari 0.6717, f1 0.7414
acc 0.7547, nmi 0.7541, ari 0.6731, f1 0.7426
acc 0.7561, nmi 0.7571, ari 0.6757, f1 0.7440
acc 0.7570, nmi 0.7584, ari 0.6773, f1 0.7452
acc 0.7577, nmi 0.7601, ari 0.6791, f1 0.7456
acc 0.7579, nmi 0.7617, ari 0.6800, f1 0.7454
acc 0.7590, nmi 0.7632, ari 0.6825, f1 0.7469
acc 0.7593, nmi 0.7643, ari 0.6836, f1 0.7477
acc 0.7610, nmi 0.7667, ari 0.6869, f1 0.7496
acc 0.7626, nmi 0.7688, ari 0.6904, f1 0.7517
acc 0.7622, nmi 0.7706, ari 0.6920, f1 0.7518
acc 0.7637, nmi 0.7743, ari 0.6960, f1 0.7533
acc 0.7650, nmi 0.7760, ari 0.6982, f1 0.7545
acc 0.7659, nmi 0.7772, ari 0.6995, f1 0.7554
acc 0.7667, nmi 0.7784, ari 0.7011, f1 0.7563
acc 0.7679, nmi 0.7797, ari 0.7028, f1 0.7575
acc 0.7680, nmi 0.7806, ari 0.7038, f1 0.7577
acc 0.7695, nmi 0.7829, ari 0.7066, f1 0.7591
acc 0.7713, nmi 0.7849, ari 0.7095, f1 0.7609
acc 0.7718, nmi 0.7859, ari 0.7109, f1 0.7616
acc 0.7739, nmi 0.7876, ari 0.7140, f1 0.7634
acc 0.7749, nmi 0.7883, ari 0.7157, f1 0.7645
acc 0.7754, nmi 0.7890, ari 0.7172, f1 0.7654
acc 0.7772, nmi 0.7904, ari 0.7198, f1 0.7668
acc 0.7782, nmi 0.7914, ari 0.7214, f1 0.7680
acc 0.7795, nmi 0.7931, ari 0.7234, f1 0.7691
acc 0.7802, nmi 0.7936, ari 0.7242, f1 0.7697
acc 0.7808, nmi 0.7945, ari 0.7251, f1 0.7703
acc 0.7811, nmi 0.7948, ari 0.7257, f1 0.7704
acc 0.7822, nmi 0.7952, ari 0.7266, f1 0.7712
acc 0.7830, nmi 0.7959, ari 0.7275, f1 0.7719
acc 0.7839, nmi 0.7971, ari 0.7291, f1 0.7728
acc 0.7853, nmi 0.7984, ari 0.7307, f1 0.7741
acc 0.7860, nmi 0.7991, ari 0.7317, f1 0.7747
acc 0.7874, nmi 0.7999, ari 0.7329, f1 0.7757
acc 0.7884, nmi 0.8011, ari 0.7346, f1 0.7767
acc 0.7894, nmi 0.8020, ari 0.7359, f1 0.7775
acc 0.7905, nmi 0.8029, ari 0.7372, f1 0.7785
acc 0.7902, nmi 0.8029, ari 0.7372, f1 0.7781
acc 0.7909, nmi 0.8039, ari 0.7385, f1 0.7788
acc 0.7920, nmi 0.8051, ari 0.7399, f1 0.7798
acc 0.7923, nmi 0.8056, ari 0.7405, f1 0.7802
acc 0.7930, nmi 0.8072, ari 0.7421, f1 0.7804
acc 0.7941, nmi 0.8089, ari 0.7441, f1 0.7815
acc 0.7945, nmi 0.8091, ari 0.7444, f1 0.7815
acc 0.7954, nmi 0.8111, ari 0.7462, f1 0.7824
acc 0.7964, nmi 0.8122, ari 0.7475, f1 0.7831
acc 0.7966, nmi 0.8123, ari 0.7478, f1 0.7831
acc 0.7974, nmi 0.8130, ari 0.7486, f1 0.7838
acc 0.7981, nmi 0.8135, ari 0.7494, f1 0.7844
acc 0.7988, nmi 0.8142, ari 0.7502, f1 0.7849
acc 0.7993, nmi 0.8150, ari 0.7511, f1 0.7854
acc 0.8004, nmi 0.8157, ari 0.7520, f1 0.7862
acc 0.8005, nmi 0.8164, ari 0.7523, f1 0.7860
acc 0.8009, nmi 0.8168, ari 0.7529, f1 0.7865
acc 0.8014, nmi 0.8173, ari 0.7537, f1 0.7869
acc 0.8019, nmi 0.8177, ari 0.7542, f1 0.7873
acc 0.8028, nmi 0.8189, ari 0.7557, f1 0.7882
acc 0.8030, nmi 0.8195, ari 0.7564, f1 0.7885
acc 0.8036, nmi 0.8202, ari 0.7570, f1 0.7889
acc 0.8037, nmi 0.8206, ari 0.7573, f1 0.7891
acc 0.8038, nmi 0.8209, ari 0.7576, f1 0.7891
acc 0.8039, nmi 0.8217, ari 0.7581, f1 0.7892
acc 0.8048, nmi 0.8221, ari 0.7587, f1 0.7898
acc 0.8046, nmi 0.8222, ari 0.7587, f1 0.7897
acc 0.8047, nmi 0.8223, ari 0.7589, f1 0.7898
acc 0.8049, nmi 0.8227, ari 0.7592, f1 0.7902
acc 0.8052, nmi 0.8230, ari 0.7595, f1 0.7905
acc 0.8052, nmi 0.8234, ari 0.7600, f1 0.7905
acc 0.8054, nmi 0.8244, ari 0.7608, f1 0.7908
acc 0.8058, nmi 0.8241, ari 0.7608, f1 0.7911
acc 0.8057, nmi 0.8242, ari 0.7610, f1 0.7911
acc 0.8057, nmi 0.8251, ari 0.7615, f1 0.7908
acc 0.8058, nmi 0.8252, ari 0.7616, f1 0.7910
acc 0.8062, nmi 0.8255, ari 0.7621, f1 0.7916
acc 0.8061, nmi 0.8254, ari 0.7621, f1 0.7916
acc 0.8061, nmi 0.8254, ari 0.7621, f1 0.7916
acc 0.8061, nmi 0.8254, ari 0.7622, f1 0.7917
acc 0.8059, nmi 0.8250, ari 0.7617, f1 0.7913
acc 0.8060, nmi 0.8254, ari 0.7620, f1 0.7913
acc 0.8060, nmi 0.8255, ari 0.7622, f1 0.7914
acc 0.8059, nmi 0.8254, ari 0.7620, f1 0.7914
acc 0.8060, nmi 0.8256, ari 0.7622, f1 0.7913
acc 0.8060, nmi 0.8257, ari 0.7623, f1 0.7913
acc 0.8058, nmi 0.8253, ari 0.7620, f1 0.7911
acc 0.8061, nmi 0.8263, ari 0.7627, f1 0.7914
acc 0.8063, nmi 0.8264, ari 0.7630, f1 0.7916
acc 0.8060, nmi 0.8263, ari 0.7626, f1 0.7912
acc 0.8065, nmi 0.8271, ari 0.7634, f1 0.7916
acc 0.8064, nmi 0.8271, ari 0.7633, f1 0.7916
acc 0.8063, nmi 0.8270, ari 0.7632, f1 0.7915
acc 0.8064, nmi 0.8266, ari 0.7631, f1 0.7917
acc 0.8068, nmi 0.8274, ari 0.7638, f1 0.7919
acc 0.8064, nmi 0.8268, ari 0.7633, f1 0.7916
acc 0.8066, nmi 0.8272, ari 0.7636, f1 0.7917
acc 0.8069, nmi 0.8274, ari 0.7639, f1 0.7920
acc 0.8066, nmi 0.8270, ari 0.7634, f1 0.7917
acc 0.8066, nmi 0.8270, ari 0.7635, f1 0.7919
acc 0.8068, nmi 0.8274, ari 0.7637, f1 0.7919
acc 0.8071, nmi 0.8277, ari 0.7641, f1 0.7920
acc 0.8068, nmi 0.8274, ari 0.7638, f1 0.7920
acc 0.8071, nmi 0.8278, ari 0.7642, f1 0.7921
acc 0.8071, nmi 0.8279, ari 0.7644, f1 0.7922
acc 0.8073, nmi 0.8281, ari 0.7646, f1 0.7923
acc 0.8075, nmi 0.8285, ari 0.7649, f1 0.7925
acc 0.8073, nmi 0.8283, ari 0.7647, f1 0.7922
acc 0.8072, nmi 0.8281, ari 0.7645, f1 0.7922
acc 0.8071, nmi 0.8283, ari 0.7645, f1 0.7920
acc 0.8074, nmi 0.8287, ari 0.7649, f1 0.7923
acc 0.8073, nmi 0.8286, ari 0.7648, f1 0.7923
acc 0.8074, nmi 0.8288, ari 0.7650, f1 0.7923
acc 0.8074, nmi 0.8292, ari 0.7653, f1 0.7922
acc 0.8075, nmi 0.8295, ari 0.7656, f1 0.7924
acc 0.8074, nmi 0.8292, ari 0.7653, f1 0.7922
acc 0.8074, nmi 0.8294, ari 0.7655, f1 0.7923
acc 0.8076, nmi 0.8296, ari 0.7658, f1 0.7925
acc 0.8077, nmi 0.8298, ari 0.7659, f1 0.7926
acc 0.8077, nmi 0.8293, ari 0.7657, f1 0.7926
acc 0.8077, nmi 0.8294, ari 0.7657, f1 0.7926
acc 0.8078, nmi 0.8295, ari 0.7659, f1 0.7927
acc 0.8077, nmi 0.8294, ari 0.7657, f1 0.7926
acc 0.8076, nmi 0.8294, ari 0.7656, f1 0.7924
acc 0.8077, nmi 0.8295, ari 0.7657, f1 0.7926
acc 0.8077, nmi 0.8293, ari 0.7657, f1 0.7926
acc 0.8078, nmi 0.8298, ari 0.7660, f1 0.7927
acc 0.8077, nmi 0.8298, ari 0.7659, f1 0.7926
acc 0.8078, nmi 0.8301, ari 0.7661, f1 0.7927
acc 0.8077, nmi 0.8298, ari 0.7659, f1 0.7926
acc 0.8079, nmi 0.8301, ari 0.7663, f1 0.7928
acc 0.8079, nmi 0.8301, ari 0.7663, f1 0.7928
acc 0.8079, nmi 0.8302, ari 0.7663, f1 0.7928
acc 0.8080, nmi 0.8302, ari 0.7663, f1 0.7930
acc 0.8081, nmi 0.8307, ari 0.7667, f1 0.7930
acc 0.8081, nmi 0.8305, ari 0.7667, f1 0.7930
acc 0.8078, nmi 0.8298, ari 0.7661, f1 0.7927
acc 0.8080, nmi 0.8304, ari 0.7664, f1 0.7929
acc 0.8078, nmi 0.8300, ari 0.7661, f1 0.7927
acc 0.8078, nmi 0.8303, ari 0.7663, f1 0.7926
acc 0.8080, nmi 0.8303, ari 0.7665, f1 0.7929
acc 0.8081, nmi 0.8307, ari 0.7668, f1 0.7929
acc 0.8080, nmi 0.8305, ari 0.7666, f1 0.7928
acc 0.8080, nmi 0.8303, ari 0.7666, f1 0.7928
acc 0.8082, nmi 0.8308, ari 0.7670, f1 0.7930
acc 0.8083, nmi 0.8312, ari 0.7671, f1 0.7931
acc 0.8085, nmi 0.8313, ari 0.7673, f1 0.7932
acc 0.8081, nmi 0.8309, ari 0.7670, f1 0.7930
acc 0.8082, nmi 0.8309, ari 0.7670, f1 0.7930
acc 0.8082, nmi 0.8306, ari 0.7669, f1 0.7932
acc 0.8082, nmi 0.8309, ari 0.7670, f1 0.7930
acc 0.8085, nmi 0.8312, ari 0.7672, f1 0.7932
acc 0.8081, nmi 0.8308, ari 0.7669, f1 0.7931
acc 0.8082, nmi 0.8311, ari 0.7671, f1 0.7931
acc 0.8083, nmi 0.8313, ari 0.7673, f1 0.7931
acc 0.8081, nmi 0.8312, ari 0.7672, f1 0.7930
acc 0.8080, nmi 0.8311, ari 0.7671, f1 0.7930
acc 0.8080, nmi 0.8311, ari 0.7671, f1 0.7930
acc 0.8081, nmi 0.8309, ari 0.7670, f1 0.7931
acc 0.8083, nmi 0.8312, ari 0.7673, f1 0.7933
acc 0.8086, nmi 0.8312, ari 0.7674, f1 0.7934
acc 0.8081, nmi 0.8311, ari 0.7672, f1 0.7931
acc 0.8082, nmi 0.8311, ari 0.7672, f1 0.7933
acc 0.8087, nmi 0.8314, ari 0.7676, f1 0.7936
acc 0.8083, nmi 0.8315, ari 0.7674, f1 0.7932
acc 0.8085, nmi 0.8312, ari 0.7674, f1 0.7934
acc 0.8083, nmi 0.8314, ari 0.7674, f1 0.7933
acc 0.8083, nmi 0.8313, ari 0.7673, f1 0.7933
acc 0.8083, nmi 0.8312, ari 0.7674, f1 0.7934
acc 0.8083, nmi 0.8314, ari 0.7675, f1 0.7934
acc 0.8082, nmi 0.8316, ari 0.7675, f1 0.7932
acc 0.8081, nmi 0.8310, ari 0.7671, f1 0.7932
acc 0.8082, nmi 0.8312, ari 0.7673, f1 0.7933
acc 0.8086, nmi 0.8313, ari 0.7675, f1 0.7935
acc 0.8085, nmi 0.8313, ari 0.7675, f1 0.7935
acc 0.8086, nmi 0.8313, ari 0.7675, f1 0.7935
acc 0.8086, nmi 0.8313, ari 0.7676, f1 0.7936
acc 0.8087, nmi 0.8313, ari 0.7676, f1 0.7936
acc 0.8086, nmi 0.8315, ari 0.7677, f1 0.7936
acc 0.8087, nmi 0.8313, ari 0.7676, f1 0.7936
acc 0.8087, nmi 0.8313, ari 0.7676, f1 0.7936
acc 0.8083, nmi 0.8314, ari 0.7675, f1 0.7934
acc 0.8086, nmi 0.8313, ari 0.7676, f1 0.7936
acc 0.8086, nmi 0.8312, ari 0.7675, f1 0.7936
acc 0.8086, nmi 0.8313, ari 0.7676, f1 0.7936
acc 0.8086, nmi 0.8313, ari 0.7676, f1 0.7936
