acc 0.6390, nmi 0.6627, ari 0.5730, f1 0.5966
acc 0.6362, nmi 0.6367, ari 0.5408, f1 0.5909
acc 0.6277, nmi 0.6394, ari 0.5404, f1 0.5865
acc 0.6158, nmi 0.6403, ari 0.5347, f1 0.5756
acc 0.6259, nmi 0.6496, ari 0.5504, f1 0.5850
acc 0.6286, nmi 0.6605, ari 0.5615, f1 0.5878
acc 0.6883, nmi 0.6701, ari 0.5803, f1 0.6782
acc 0.6874, nmi 0.6712, ari 0.5804, f1 0.6741
acc 0.6920, nmi 0.6761, ari 0.5861, f1 0.6793
acc 0.6969, nmi 0.6815, ari 0.5936, f1 0.6833
acc 0.7000, nmi 0.6858, ari 0.5973, f1 0.6866
acc 0.7086, nmi 0.6906, ari 0.6070, f1 0.6952
acc 0.7154, nmi 0.6926, ari 0.6107, f1 0.7021
acc 0.7259, nmi 0.6996, ari 0.6209, f1 0.7136
acc 0.7309, nmi 0.7035, ari 0.6265, f1 0.7186
acc 0.7376, nmi 0.7099, ari 0.6323, f1 0.7250
acc 0.7380, nmi 0.7136, ari 0.6343, f1 0.7254
acc 0.7384, nmi 0.7180, ari 0.6374, f1 0.7253
acc 0.7404, nmi 0.7231, ari 0.6410, f1 0.7267
acc 0.7389, nmi 0.7253, ari 0.6418, f1 0.7249
acc 0.7438, nmi 0.7308, ari 0.6482, f1 0.7287
acc 0.7469, nmi 0.7344, ari 0.6518, f1 0.7304
acc 0.7502, nmi 0.7360, ari 0.6544, f1 0.7320
acc 0.7523, nmi 0.7381, ari 0.6569, f1 0.7339
acc 0.7540, nmi 0.7409, ari 0.6601, f1 0.7353
acc 0.7556, nmi 0.7421, ari 0.6616, f1 0.7367
acc 0.7556, nmi 0.7427, ari 0.6616, f1 0.7366
acc 0.7564, nmi 0.7446, ari 0.6629, f1 0.7372
acc 0.7588, nmi 0.7478, ari 0.6658, f1 0.7393
acc 0.7602, nmi 0.7493, ari 0.6675, f1 0.7403
acc 0.7599, nmi 0.7501, ari 0.6675, f1 0.7400
acc 0.7604, nmi 0.7508, ari 0.6683, f1 0.7402
acc 0.7613, nmi 0.7521, ari 0.6698, f1 0.7410
acc 0.7623, nmi 0.7534, ari 0.6715, f1 0.7418
acc 0.7627, nmi 0.7556, ari 0.6731, f1 0.7421
acc 0.7629, nmi 0.7563, ari 0.6737, f1 0.7420
acc 0.7641, nmi 0.7578, ari 0.6762, f1 0.7433
acc 0.7653, nmi 0.7586, ari 0.6776, f1 0.7438
acc 0.7672, nmi 0.7610, ari 0.6809, f1 0.7460
acc 0.7688, nmi 0.7629, ari 0.6835, f1 0.7476
acc 0.7700, nmi 0.7640, ari 0.6851, f1 0.7486
acc 0.7724, nmi 0.7657, ari 0.6881, f1 0.7504
acc 0.7744, nmi 0.7680, ari 0.6910, f1 0.7522
acc 0.7777, nmi 0.7705, ari 0.6951, f1 0.7547
acc 0.7789, nmi 0.7709, ari 0.6965, f1 0.7556
acc 0.7800, nmi 0.7717, ari 0.6978, f1 0.7564
acc 0.7810, nmi 0.7726, ari 0.6993, f1 0.7573
acc 0.7825, nmi 0.7742, ari 0.7015, f1 0.7582
acc 0.7843, nmi 0.7753, ari 0.7039, f1 0.7598
acc 0.7853, nmi 0.7767, ari 0.7055, f1 0.7609
acc 0.7863, nmi 0.7782, ari 0.7074, f1 0.7619
acc 0.7866, nmi 0.7790, ari 0.7079, f1 0.7622
acc 0.7874, nmi 0.7795, ari 0.7089, f1 0.7627
acc 0.7892, nmi 0.7808, ari 0.7112, f1 0.7643
acc 0.7914, nmi 0.7829, ari 0.7144, f1 0.7660
acc 0.7919, nmi 0.7834, ari 0.7153, f1 0.7663
acc 0.7933, nmi 0.7844, ari 0.7173, f1 0.7678
acc 0.7947, nmi 0.7857, ari 0.7194, f1 0.7689
acc 0.7952, nmi 0.7851, ari 0.7198, f1 0.7693
acc 0.7969, nmi 0.7874, ari 0.7226, f1 0.7709
acc 0.7981, nmi 0.7887, ari 0.7242, f1 0.7719
acc 0.7988, nmi 0.7900, ari 0.7252, f1 0.7723
acc 0.7997, nmi 0.7902, ari 0.7263, f1 0.7730
acc 0.8016, nmi 0.7913, ari 0.7281, f1 0.7747
acc 0.8025, nmi 0.7934, ari 0.7302, f1 0.7759
acc 0.8037, nmi 0.7939, ari 0.7316, f1 0.7767
acc 0.8051, nmi 0.7945, ari 0.7330, f1 0.7772
acc 0.8063, nmi 0.7954, ari 0.7346, f1 0.7783
acc 0.8072, nmi 0.7957, ari 0.7359, f1 0.7790
acc 0.8079, nmi 0.7960, ari 0.7368, f1 0.7796
acc 0.8091, nmi 0.7971, ari 0.7384, f1 0.7804
acc 0.8103, nmi 0.7980, ari 0.7401, f1 0.7812
acc 0.8114, nmi 0.7987, ari 0.7415, f1 0.7822
acc 0.8120, nmi 0.7993, ari 0.7425, f1 0.7827
acc 0.8129, nmi 0.8000, ari 0.7438, f1 0.7835
acc 0.8131, nmi 0.8005, ari 0.7441, f1 0.7834
acc 0.8137, nmi 0.8018, ari 0.7453, f1 0.7840
acc 0.8139, nmi 0.8026, ari 0.7458, f1 0.7844
acc 0.8145, nmi 0.8030, ari 0.7465, f1 0.7848
acc 0.8149, nmi 0.8034, ari 0.7470, f1 0.7851
acc 0.8153, nmi 0.8036, ari 0.7479, f1 0.7861
acc 0.8154, nmi 0.8041, ari 0.7484, f1 0.7860
acc 0.8160, nmi 0.8043, ari 0.7489, f1 0.7863
acc 0.8168, nmi 0.8063, ari 0.7504, f1 0.7870
acc 0.8173, nmi 0.8072, ari 0.7513, f1 0.7873
acc 0.8180, nmi 0.8078, ari 0.7525, f1 0.7881
acc 0.8179, nmi 0.8076, ari 0.7520, f1 0.7877
acc 0.8187, nmi 0.8086, ari 0.7535, f1 0.7887
acc 0.8189, nmi 0.8085, ari 0.7536, f1 0.7890
acc 0.8197, nmi 0.8096, ari 0.7547, f1 0.7896
acc 0.8193, nmi 0.8094, ari 0.7541, f1 0.7893
acc 0.8202, nmi 0.8104, ari 0.7556, f1 0.7903
acc 0.8201, nmi 0.8105, ari 0.7556, f1 0.7902
acc 0.8199, nmi 0.8107, ari 0.7554, f1 0.7902
acc 0.8204, nmi 0.8116, ari 0.7562, f1 0.7907
acc 0.8208, nmi 0.8115, ari 0.7568, f1 0.7909
acc 0.8213, nmi 0.8122, ari 0.7576, f1 0.7914
acc 0.8208, nmi 0.8122, ari 0.7571, f1 0.7910
acc 0.8217, nmi 0.8127, ari 0.7582, f1 0.7915
acc 0.8227, nmi 0.8135, ari 0.7593, f1 0.7921
acc 0.8225, nmi 0.8133, ari 0.7592, f1 0.7921
acc 0.8224, nmi 0.8138, ari 0.7592, f1 0.7922
acc 0.8224, nmi 0.8136, ari 0.7592, f1 0.7922
acc 0.8232, nmi 0.8138, ari 0.7599, f1 0.7925
acc 0.8235, nmi 0.8141, ari 0.7605, f1 0.7931
acc 0.8239, nmi 0.8148, ari 0.7614, f1 0.7934
acc 0.8245, nmi 0.8157, ari 0.7622, f1 0.7938
acc 0.8245, nmi 0.8164, ari 0.7624, f1 0.7942
acc 0.8246, nmi 0.8166, ari 0.7624, f1 0.7943
acc 0.8246, nmi 0.8168, ari 0.7625, f1 0.7942
acc 0.8251, nmi 0.8170, ari 0.7632, f1 0.7946
acc 0.8258, nmi 0.8173, ari 0.7639, f1 0.7949
acc 0.8256, nmi 0.8170, ari 0.7636, f1 0.7947
acc 0.8260, nmi 0.8180, ari 0.7644, f1 0.7953
acc 0.8261, nmi 0.8183, ari 0.7646, f1 0.7955
acc 0.8262, nmi 0.8182, ari 0.7646, f1 0.7955
acc 0.8263, nmi 0.8184, ari 0.7648, f1 0.7956
acc 0.8267, nmi 0.8190, ari 0.7654, f1 0.7959
acc 0.8271, nmi 0.8194, ari 0.7657, f1 0.7960
acc 0.8271, nmi 0.8194, ari 0.7658, f1 0.7961
acc 0.8267, nmi 0.8189, ari 0.7653, f1 0.7959
acc 0.8270, nmi 0.8193, ari 0.7657, f1 0.7961
acc 0.8270, nmi 0.8195, ari 0.7657, f1 0.7961
acc 0.8271, nmi 0.8196, ari 0.7657, f1 0.7961
acc 0.8270, nmi 0.8196, ari 0.7657, f1 0.7958
acc 0.8273, nmi 0.8196, ari 0.7659, f1 0.7963
acc 0.8275, nmi 0.8198, ari 0.7663, f1 0.7961
acc 0.8274, nmi 0.8198, ari 0.7662, f1 0.7960
acc 0.8277, nmi 0.8200, ari 0.7666, f1 0.7962
acc 0.8284, nmi 0.8201, ari 0.7671, f1 0.7966
acc 0.8284, nmi 0.8201, ari 0.7672, f1 0.7966
acc 0.8285, nmi 0.8202, ari 0.7672, f1 0.7967
acc 0.8284, nmi 0.8200, ari 0.7672, f1 0.7964
acc 0.8281, nmi 0.8203, ari 0.7669, f1 0.7966
acc 0.8291, nmi 0.8210, ari 0.7682, f1 0.7972
acc 0.8290, nmi 0.8210, ari 0.7682, f1 0.7969
acc 0.8290, nmi 0.8214, ari 0.7683, f1 0.7972
acc 0.8291, nmi 0.8211, ari 0.7684, f1 0.7971
acc 0.8294, nmi 0.8213, ari 0.7687, f1 0.7973
acc 0.8292, nmi 0.8216, ari 0.7685, f1 0.7975
acc 0.8293, nmi 0.8213, ari 0.7685, f1 0.7974
acc 0.8293, nmi 0.8215, ari 0.7687, f1 0.7973
acc 0.8295, nmi 0.8219, ari 0.7690, f1 0.7975
acc 0.8295, nmi 0.8219, ari 0.7688, f1 0.7975
acc 0.8295, nmi 0.8218, ari 0.7688, f1 0.7975
acc 0.8299, nmi 0.8222, ari 0.7694, f1 0.7978
acc 0.8301, nmi 0.8222, ari 0.7694, f1 0.7982
acc 0.8301, nmi 0.8226, ari 0.7695, f1 0.7982
acc 0.8301, nmi 0.8226, ari 0.7695, f1 0.7982
acc 0.8304, nmi 0.8228, ari 0.7701, f1 0.7983
acc 0.8306, nmi 0.8231, ari 0.7703, f1 0.7987
acc 0.8304, nmi 0.8228, ari 0.7699, f1 0.7984
acc 0.8307, nmi 0.8234, ari 0.7705, f1 0.7988
acc 0.8309, nmi 0.8237, ari 0.7709, f1 0.7990
acc 0.8305, nmi 0.8232, ari 0.7703, f1 0.7986
acc 0.8304, nmi 0.8235, ari 0.7704, f1 0.7984
acc 0.8306, nmi 0.8236, ari 0.7707, f1 0.7986
acc 0.8305, nmi 0.8234, ari 0.7706, f1 0.7987
acc 0.8306, nmi 0.8240, ari 0.7708, f1 0.7987
acc 0.8308, nmi 0.8244, ari 0.7712, f1 0.7989
acc 0.8310, nmi 0.8245, ari 0.7715, f1 0.7991
acc 0.8308, nmi 0.8243, ari 0.7712, f1 0.7990
acc 0.8308, nmi 0.8242, ari 0.7712, f1 0.7990
acc 0.8308, nmi 0.8243, ari 0.7712, f1 0.7990
acc 0.8306, nmi 0.8242, ari 0.7710, f1 0.7989
acc 0.8306, nmi 0.8243, ari 0.7710, f1 0.7989
acc 0.8305, nmi 0.8241, ari 0.7707, f1 0.7988
acc 0.8306, nmi 0.8244, ari 0.7709, f1 0.7989
acc 0.8308, nmi 0.8247, ari 0.7713, f1 0.7991
acc 0.8307, nmi 0.8245, ari 0.7711, f1 0.7989
acc 0.8307, nmi 0.8245, ari 0.7711, f1 0.7989
acc 0.8310, nmi 0.8249, ari 0.7715, f1 0.7991
acc 0.8313, nmi 0.8251, ari 0.7719, f1 0.7993
acc 0.8311, nmi 0.8249, ari 0.7718, f1 0.7993
acc 0.8309, nmi 0.8245, ari 0.7714, f1 0.7991
acc 0.8309, nmi 0.8244, ari 0.7715, f1 0.7991
acc 0.8313, nmi 0.8249, ari 0.7718, f1 0.7993
acc 0.8313, nmi 0.8249, ari 0.7718, f1 0.7993
acc 0.8313, nmi 0.8251, ari 0.7719, f1 0.7993
acc 0.8311, nmi 0.8249, ari 0.7717, f1 0.7992
acc 0.8309, nmi 0.8245, ari 0.7714, f1 0.7990
acc 0.8309, nmi 0.8245, ari 0.7714, f1 0.7990
acc 0.8309, nmi 0.8244, ari 0.7714, f1 0.7991
acc 0.8313, nmi 0.8249, ari 0.7718, f1 0.7993
acc 0.8311, nmi 0.8248, ari 0.7717, f1 0.7992
acc 0.8311, nmi 0.8248, ari 0.7717, f1 0.7992
acc 0.8313, nmi 0.8250, ari 0.7719, f1 0.7993
acc 0.8310, nmi 0.8248, ari 0.7716, f1 0.7992
acc 0.8314, nmi 0.8251, ari 0.7721, f1 0.7995
acc 0.8316, nmi 0.8254, ari 0.7726, f1 0.7998
acc 0.8313, nmi 0.8251, ari 0.7720, f1 0.7994
acc 0.8311, nmi 0.8248, ari 0.7717, f1 0.7992
acc 0.8313, nmi 0.8250, ari 0.7719, f1 0.7993
acc 0.8313, nmi 0.8252, ari 0.7720, f1 0.7994
acc 0.8314, nmi 0.8253, ari 0.7722, f1 0.7995
acc 0.8314, nmi 0.8253, ari 0.7722, f1 0.7995
acc 0.8315, nmi 0.8253, ari 0.7724, f1 0.7997
acc 0.8314, nmi 0.8253, ari 0.7722, f1 0.7996
acc 0.8313, nmi 0.8251, ari 0.7720, f1 0.7994
acc 0.8313, nmi 0.8249, ari 0.7720, f1 0.7994
