acc 0.6390, nmi 0.6627, ari 0.5730, f1 0.5966
acc 0.6709, nmi 0.5992, ari 0.5114, f1 0.6271
acc 0.6094, nmi 0.6018, ari 0.4959, f1 0.5624
acc 0.5455, nmi 0.5757, ari 0.4548, f1 0.5001
acc 0.5425, nmi 0.5705, ari 0.4447, f1 0.5012
acc 0.5409, nmi 0.5760, ari 0.4533, f1 0.4964
acc 0.5127, nmi 0.5527, ari 0.4306, f1 0.4625
acc 0.5067, nmi 0.5490, ari 0.4267, f1 0.4566
acc 0.5032, nmi 0.5452, ari 0.4227, f1 0.4519
acc 0.5005, nmi 0.5433, ari 0.4198, f1 0.4495
acc 0.4975, nmi 0.5409, ari 0.4169, f1 0.4472
acc 0.4952, nmi 0.5365, ari 0.4133, f1 0.4448
acc 0.4923, nmi 0.5351, ari 0.4124, f1 0.4412
acc 0.5028, nmi 0.5249, ari 0.4117, f1 0.4591
acc 0.5018, nmi 0.5236, ari 0.4098, f1 0.4583
acc 0.4986, nmi 0.5226, ari 0.4083, f1 0.4557
acc 0.4971, nmi 0.5211, ari 0.4059, f1 0.4546
acc 0.4933, nmi 0.5179, ari 0.4030, f1 0.4512
acc 0.4942, nmi 0.5124, ari 0.3986, f1 0.4522
acc 0.5200, nmi 0.5386, ari 0.4240, f1 0.4810
acc 0.5211, nmi 0.5331, ari 0.4212, f1 0.4840
acc 0.5198, nmi 0.5266, ari 0.4149, f1 0.4836
acc 0.4942, nmi 0.5150, ari 0.4050, f1 0.4514
acc 0.4891, nmi 0.5093, ari 0.4010, f1 0.4446
acc 0.4823, nmi 0.5015, ari 0.3955, f1 0.4377
acc 0.4789, nmi 0.4996, ari 0.3946, f1 0.4359
acc 0.4768, nmi 0.4981, ari 0.3928, f1 0.4334
acc 0.4847, nmi 0.4987, ari 0.3944, f1 0.4404
acc 0.4946, nmi 0.5032, ari 0.3995, f1 0.4490
acc 0.4976, nmi 0.5045, ari 0.4017, f1 0.4428
acc 0.4978, nmi 0.5036, ari 0.4008, f1 0.4428
acc 0.4970, nmi 0.5021, ari 0.4000, f1 0.4458
acc 0.5024, nmi 0.5016, ari 0.4008, f1 0.4515
acc 0.4919, nmi 0.5139, ari 0.4073, f1 0.4377
acc 0.4908, nmi 0.5110, ari 0.4040, f1 0.4402
acc 0.4873, nmi 0.5080, ari 0.4007, f1 0.4379
acc 0.4916, nmi 0.5057, ari 0.3989, f1 0.4335
acc 0.4782, nmi 0.4828, ari 0.3805, f1 0.4144
acc 0.4867, nmi 0.4834, ari 0.3815, f1 0.4225
acc 0.4382, nmi 0.4551, ari 0.3353, f1 0.3751
acc 0.4549, nmi 0.4658, ari 0.3466, f1 0.3844
acc 0.4649, nmi 0.4604, ari 0.3540, f1 0.4002
acc 0.4773, nmi 0.4707, ari 0.3786, f1 0.4085
acc 0.4882, nmi 0.4718, ari 0.3936, f1 0.4169
acc 0.4534, nmi 0.4347, ari 0.3285, f1 0.3932
acc 0.4622, nmi 0.4352, ari 0.3341, f1 0.3976
acc 0.4633, nmi 0.4305, ari 0.3286, f1 0.3995
acc 0.4615, nmi 0.4209, ari 0.3228, f1 0.3959
acc 0.4555, nmi 0.4124, ari 0.3151, f1 0.3902
acc 0.4427, nmi 0.4013, ari 0.2966, f1 0.3812
acc 0.4394, nmi 0.3949, ari 0.2919, f1 0.3791
acc 0.4371, nmi 0.3893, ari 0.2865, f1 0.3760
acc 0.4358, nmi 0.3844, ari 0.2825, f1 0.3737
acc 0.4337, nmi 0.3799, ari 0.2782, f1 0.3713
acc 0.4372, nmi 0.3772, ari 0.2799, f1 0.3732
acc 0.4391, nmi 0.3715, ari 0.2764, f1 0.3739
acc 0.4347, nmi 0.3680, ari 0.2712, f1 0.3700
acc 0.4310, nmi 0.3845, ari 0.2848, f1 0.3890
acc 0.4201, nmi 0.3635, ari 0.2628, f1 0.3707
acc 0.4172, nmi 0.3654, ari 0.2624, f1 0.3665
acc 0.4183, nmi 0.3667, ari 0.2662, f1 0.3653
acc 0.4431, nmi 0.3968, ari 0.2929, f1 0.3972
acc 0.4183, nmi 0.3728, ari 0.2701, f1 0.3683
acc 0.4151, nmi 0.3719, ari 0.2698, f1 0.3653
acc 0.4117, nmi 0.3704, ari 0.2676, f1 0.3621
acc 0.4078, nmi 0.3657, ari 0.2631, f1 0.3583
acc 0.4147, nmi 0.3648, ari 0.2681, f1 0.3644
acc 0.4109, nmi 0.3661, ari 0.2659, f1 0.3632
acc 0.4042, nmi 0.3599, ari 0.2602, f1 0.3571
acc 0.3986, nmi 0.3566, ari 0.2532, f1 0.3425
acc 0.3997, nmi 0.3594, ari 0.2548, f1 0.3443
acc 0.4006, nmi 0.3588, ari 0.2537, f1 0.3454
acc 0.3993, nmi 0.3572, ari 0.2521, f1 0.3439
acc 0.4031, nmi 0.3554, ari 0.2547, f1 0.3454
acc 0.3795, nmi 0.3467, ari 0.2325, f1 0.3309
acc 0.3977, nmi 0.3539, ari 0.2495, f1 0.3431
acc 0.4011, nmi 0.3566, ari 0.2531, f1 0.3466
acc 0.3895, nmi 0.3506, ari 0.2433, f1 0.3376
acc 0.3874, nmi 0.3482, ari 0.2405, f1 0.3363
acc 0.3886, nmi 0.3461, ari 0.2400, f1 0.3382
acc 0.3821, nmi 0.3433, ari 0.2341, f1 0.3331
acc 0.3878, nmi 0.3410, ari 0.2370, f1 0.3381
acc 0.3788, nmi 0.3352, ari 0.2273, f1 0.3317
acc 0.3901, nmi 0.3368, ari 0.2387, f1 0.3395
acc 0.3658, nmi 0.3262, ari 0.2158, f1 0.3213
acc 0.3727, nmi 0.3244, ari 0.2211, f1 0.3269
acc 0.3851, nmi 0.3480, ari 0.2444, f1 0.3367
acc 0.3847, nmi 0.3472, ari 0.2451, f1 0.3453
acc 0.3960, nmi 0.3441, ari 0.2475, f1 0.3549
acc 0.3945, nmi 0.3421, ari 0.2446, f1 0.3545
acc 0.3969, nmi 0.3428, ari 0.2452, f1 0.3599
acc 0.3976, nmi 0.3445, ari 0.2440, f1 0.3539
acc 0.3998, nmi 0.3502, ari 0.2482, f1 0.3578
acc 0.3904, nmi 0.3519, ari 0.2404, f1 0.3527
acc 0.3920, nmi 0.3500, ari 0.2421, f1 0.3526
acc 0.3805, nmi 0.3458, ari 0.2325, f1 0.3436
acc 0.3672, nmi 0.3427, ari 0.2209, f1 0.3326
acc 0.3615, nmi 0.3394, ari 0.2158, f1 0.3278
acc 0.3567, nmi 0.3379, ari 0.2121, f1 0.3242
acc 0.3556, nmi 0.3387, ari 0.2114, f1 0.3229
acc 0.3519, nmi 0.3391, ari 0.2095, f1 0.3201
acc 0.3527, nmi 0.3408, ari 0.2117, f1 0.3196
acc 0.3552, nmi 0.3443, ari 0.2143, f1 0.3247
acc 0.3558, nmi 0.3490, ari 0.2177, f1 0.3255
acc 0.3604, nmi 0.3549, ari 0.2224, f1 0.3322
acc 0.3672, nmi 0.3597, ari 0.2295, f1 0.3389
acc 0.3741, nmi 0.3650, ari 0.2371, f1 0.3448
acc 0.3795, nmi 0.3697, ari 0.2418, f1 0.3500
acc 0.4297, nmi 0.3940, ari 0.2597, f1 0.3935
acc 0.4322, nmi 0.4030, ari 0.2630, f1 0.3995
acc 0.4292, nmi 0.4082, ari 0.2636, f1 0.3991
acc 0.4347, nmi 0.4113, ari 0.2670, f1 0.4031
acc 0.4319, nmi 0.4149, ari 0.2667, f1 0.4022
acc 0.4425, nmi 0.4172, ari 0.2710, f1 0.4094
acc 0.4543, nmi 0.4235, ari 0.2825, f1 0.4177
acc 0.4616, nmi 0.4268, ari 0.2876, f1 0.4237
acc 0.4662, nmi 0.4309, ari 0.2922, f1 0.4289
acc 0.4625, nmi 0.4320, ari 0.2899, f1 0.4261
acc 0.4598, nmi 0.4318, ari 0.2875, f1 0.4242
acc 0.4559, nmi 0.4342, ari 0.2856, f1 0.4203
acc 0.4567, nmi 0.4369, ari 0.2900, f1 0.4178
acc 0.4491, nmi 0.4335, ari 0.2818, f1 0.4111
acc 0.4490, nmi 0.4334, ari 0.2810, f1 0.4100
acc 0.4436, nmi 0.4327, ari 0.2801, f1 0.4023
acc 0.4419, nmi 0.4319, ari 0.2776, f1 0.4010
acc 0.4440, nmi 0.4327, ari 0.2792, f1 0.4029
acc 0.4429, nmi 0.4329, ari 0.2779, f1 0.4025
acc 0.4539, nmi 0.4411, ari 0.2866, f1 0.4142
acc 0.4567, nmi 0.4458, ari 0.2911, f1 0.4166
acc 0.4568, nmi 0.4485, ari 0.2916, f1 0.4181
acc 0.4591, nmi 0.4510, ari 0.3130, f1 0.4303
acc 0.4614, nmi 0.4509, ari 0.3128, f1 0.4234
acc 0.4573, nmi 0.4520, ari 0.3103, f1 0.4306
acc 0.4567, nmi 0.4510, ari 0.3088, f1 0.4291
acc 0.4555, nmi 0.4507, ari 0.3074, f1 0.4279
acc 0.4501, nmi 0.4484, ari 0.3031, f1 0.4240
acc 0.4507, nmi 0.4451, ari 0.2993, f1 0.4266
acc 0.4428, nmi 0.4432, ari 0.2951, f1 0.4194
acc 0.4398, nmi 0.4418, ari 0.2909, f1 0.4158
acc 0.4429, nmi 0.4420, ari 0.2904, f1 0.4192
acc 0.4420, nmi 0.4400, ari 0.2891, f1 0.4179
acc 0.4420, nmi 0.4394, ari 0.2890, f1 0.4180
acc 0.4401, nmi 0.4405, ari 0.2895, f1 0.4171
acc 0.4378, nmi 0.4368, ari 0.2823, f1 0.4163
acc 0.3931, nmi 0.4333, ari 0.2425, f1 0.3871
acc 0.4009, nmi 0.4352, ari 0.2463, f1 0.3925
acc 0.3997, nmi 0.4311, ari 0.2442, f1 0.3919
acc 0.4014, nmi 0.4305, ari 0.2445, f1 0.3916
acc 0.4104, nmi 0.4350, ari 0.2504, f1 0.4003
acc 0.4383, nmi 0.4324, ari 0.2794, f1 0.4257
acc 0.4229, nmi 0.4398, ari 0.2640, f1 0.4175
acc 0.4197, nmi 0.4444, ari 0.2658, f1 0.4157
acc 0.4206, nmi 0.4464, ari 0.2676, f1 0.4163
acc 0.4147, nmi 0.4453, ari 0.2656, f1 0.4132
acc 0.4171, nmi 0.4455, ari 0.2672, f1 0.4148
acc 0.4057, nmi 0.4448, ari 0.2638, f1 0.4006
acc 0.4133, nmi 0.4465, ari 0.2688, f1 0.4128
acc 0.4120, nmi 0.4458, ari 0.2690, f1 0.4027
acc 0.4567, nmi 0.4504, ari 0.3023, f1 0.4284
acc 0.4552, nmi 0.4486, ari 0.2999, f1 0.4182
acc 0.4598, nmi 0.4490, ari 0.3019, f1 0.4213
acc 0.4616, nmi 0.4482, ari 0.3014, f1 0.4212
acc 0.4640, nmi 0.4475, ari 0.3010, f1 0.4232
acc 0.4994, nmi 0.4761, ari 0.3367, f1 0.4870
acc 0.4994, nmi 0.4769, ari 0.3376, f1 0.4871
acc 0.4989, nmi 0.4756, ari 0.3361, f1 0.4870
acc 0.4985, nmi 0.4746, ari 0.3348, f1 0.4886
acc 0.4994, nmi 0.4757, ari 0.3354, f1 0.4885
acc 0.4961, nmi 0.4745, ari 0.3336, f1 0.4856
acc 0.4941, nmi 0.4728, ari 0.3322, f1 0.4824
acc 0.4944, nmi 0.4725, ari 0.3333, f1 0.4825
acc 0.4934, nmi 0.4734, ari 0.3339, f1 0.4809
acc 0.4954, nmi 0.4744, ari 0.3351, f1 0.4818
acc 0.4961, nmi 0.4739, ari 0.3353, f1 0.4829
acc 0.4939, nmi 0.4725, ari 0.3338, f1 0.4808
acc 0.4951, nmi 0.4712, ari 0.3319, f1 0.4824
acc 0.4945, nmi 0.4704, ari 0.3313, f1 0.4819
acc 0.5008, nmi 0.4714, ari 0.3335, f1 0.4869
acc 0.4994, nmi 0.4704, ari 0.3328, f1 0.4850
acc 0.5002, nmi 0.4682, ari 0.3305, f1 0.4875
acc 0.4987, nmi 0.4678, ari 0.3304, f1 0.4855
acc 0.4096, nmi 0.4270, ari 0.2587, f1 0.3953
acc 0.4079, nmi 0.4262, ari 0.2576, f1 0.3930
acc 0.4108, nmi 0.4288, ari 0.2591, f1 0.3955
acc 0.4074, nmi 0.4253, ari 0.2553, f1 0.3927
acc 0.4093, nmi 0.4249, ari 0.2551, f1 0.3947
acc 0.4083, nmi 0.4239, ari 0.2533, f1 0.3942
acc 0.4116, nmi 0.4251, ari 0.2540, f1 0.3975
acc 0.4130, nmi 0.4248, ari 0.2562, f1 0.3977
acc 0.4146, nmi 0.4261, ari 0.2554, f1 0.3995
acc 0.4185, nmi 0.4274, ari 0.2580, f1 0.4028
acc 0.4192, nmi 0.4277, ari 0.2578, f1 0.4035
acc 0.4229, nmi 0.4282, ari 0.2588, f1 0.4084
acc 0.4249, nmi 0.4282, ari 0.2592, f1 0.4098
acc 0.4250, nmi 0.4265, ari 0.2583, f1 0.4094
acc 0.4262, nmi 0.4261, ari 0.2590, f1 0.4102
acc 0.4272, nmi 0.4265, ari 0.2592, f1 0.4107
acc 0.4278, nmi 0.4270, ari 0.2597, f1 0.4108
acc 0.4265, nmi 0.4263, ari 0.2590, f1 0.4094
acc 0.4233, nmi 0.4242, ari 0.2553, f1 0.4078
