acc 0.8251, nmi 0.5127, ari 0.5562, f1 0.8254
acc 0.8820, nmi 0.6291, ari 0.6833, f1 0.8822
acc 0.8985, nmi 0.6596, ari 0.7229, f1 0.8985
acc 0.9048, nmi 0.6776, ari 0.7393, f1 0.9045
acc 0.9018, nmi 0.6714, ari 0.7318, f1 0.9018
acc 0.9084, nmi 0.6880, ari 0.7481, f1 0.9084
acc 0.9008, nmi 0.6694, ari 0.7288, f1 0.9009
acc 0.9091, nmi 0.6892, ari 0.7496, f1 0.9091
acc 0.9124, nmi 0.6993, ari 0.7585, f1 0.9122
acc 0.9127, nmi 0.6997, ari 0.7592, f1 0.9126
acc 0.9101, nmi 0.6916, ari 0.7520, f1 0.9101
acc 0.9098, nmi 0.6904, ari 0.7511, f1 0.9099
acc 0.9104, nmi 0.6923, ari 0.7528, f1 0.9105
acc 0.9144, nmi 0.7032, ari 0.7630, f1 0.9144
acc 0.9170, nmi 0.7103, ari 0.7699, f1 0.9170
acc 0.9183, nmi 0.7132, ari 0.7732, f1 0.9183
acc 0.9183, nmi 0.7128, ari 0.7730, f1 0.9184
acc 0.9174, nmi 0.7095, ari 0.7703, f1 0.9175
acc 0.9154, nmi 0.7044, ari 0.7652, f1 0.9155
acc 0.9164, nmi 0.7069, ari 0.7677, f1 0.9165
acc 0.9183, nmi 0.7136, ari 0.7732, f1 0.9184
acc 0.9174, nmi 0.7114, ari 0.7706, f1 0.9174
acc 0.9174, nmi 0.7122, ari 0.7708, f1 0.9174
acc 0.9177, nmi 0.7115, ari 0.7715, f1 0.9177
acc 0.9180, nmi 0.7124, ari 0.7723, f1 0.9180
acc 0.9183, nmi 0.7139, ari 0.7733, f1 0.9183
acc 0.9183, nmi 0.7128, ari 0.7732, f1 0.9183
acc 0.9187, nmi 0.7137, ari 0.7741, f1 0.9186
acc 0.9190, nmi 0.7147, ari 0.7749, f1 0.9190
acc 0.9197, nmi 0.7163, ari 0.7766, f1 0.9196
acc 0.9197, nmi 0.7150, ari 0.7765, f1 0.9196
acc 0.9200, nmi 0.7159, ari 0.7773, f1 0.9199
acc 0.9207, nmi 0.7177, ari 0.7790, f1 0.9206
acc 0.9207, nmi 0.7180, ari 0.7791, f1 0.9206
acc 0.9210, nmi 0.7187, ari 0.7799, f1 0.9209
acc 0.9217, nmi 0.7203, ari 0.7816, f1 0.9216
acc 0.9220, nmi 0.7213, ari 0.7824, f1 0.9219
acc 0.9210, nmi 0.7195, ari 0.7800, f1 0.9208
acc 0.9207, nmi 0.7189, ari 0.7792, f1 0.9205
acc 0.9207, nmi 0.7186, ari 0.7792, f1 0.9205
acc 0.9210, nmi 0.7192, ari 0.7800, f1 0.9208
acc 0.9213, nmi 0.7199, ari 0.7809, f1 0.9212
acc 0.9220, nmi 0.7215, ari 0.7826, f1 0.9218
acc 0.9220, nmi 0.7215, ari 0.7826, f1 0.9218
acc 0.9226, nmi 0.7232, ari 0.7843, f1 0.9225
acc 0.9226, nmi 0.7232, ari 0.7843, f1 0.9225
acc 0.9226, nmi 0.7232, ari 0.7843, f1 0.9225
acc 0.9226, nmi 0.7232, ari 0.7843, f1 0.9225
acc 0.9233, nmi 0.7251, ari 0.7860, f1 0.9231
acc 0.9230, nmi 0.7241, ari 0.7852, f1 0.9227
acc 0.9230, nmi 0.7241, ari 0.7852, f1 0.9227
acc 0.9226, nmi 0.7235, ari 0.7844, f1 0.9224
acc 0.9230, nmi 0.7241, ari 0.7852, f1 0.9227
acc 0.9226, nmi 0.7232, ari 0.7843, f1 0.9224
acc 0.9230, nmi 0.7244, ari 0.7852, f1 0.9227
acc 0.9226, nmi 0.7238, ari 0.7844, f1 0.9224
acc 0.9230, nmi 0.7247, ari 0.7852, f1 0.9228
acc 0.9233, nmi 0.7260, ari 0.7861, f1 0.9231
acc 0.9236, nmi 0.7267, ari 0.7869, f1 0.9234
acc 0.9233, nmi 0.7257, ari 0.7860, f1 0.9231
acc 0.9233, nmi 0.7253, ari 0.7860, f1 0.9231
acc 0.9233, nmi 0.7253, ari 0.7860, f1 0.9231
acc 0.9236, nmi 0.7260, ari 0.7868, f1 0.9235
acc 0.9240, nmi 0.7270, ari 0.7876, f1 0.9238
acc 0.9240, nmi 0.7270, ari 0.7876, f1 0.9238
acc 0.9240, nmi 0.7265, ari 0.7875, f1 0.9238
acc 0.9246, nmi 0.7281, ari 0.7892, f1 0.9245
acc 0.9256, nmi 0.7308, ari 0.7917, f1 0.9255
acc 0.9256, nmi 0.7308, ari 0.7917, f1 0.9255
acc 0.9269, nmi 0.7347, ari 0.7951, f1 0.9269
acc 0.9269, nmi 0.7347, ari 0.7951, f1 0.9269
acc 0.9279, nmi 0.7377, ari 0.7977, f1 0.9278
acc 0.9286, nmi 0.7397, ari 0.7994, f1 0.9285
acc 0.9286, nmi 0.7397, ari 0.7994, f1 0.9285
acc 0.9286, nmi 0.7394, ari 0.7994, f1 0.9285
acc 0.9289, nmi 0.7407, ari 0.8003, f1 0.9289
acc 0.9293, nmi 0.7423, ari 0.8012, f1 0.9292
acc 0.9289, nmi 0.7412, ari 0.8004, f1 0.9289
acc 0.9286, nmi 0.7399, ari 0.7995, f1 0.9285
acc 0.9286, nmi 0.7399, ari 0.7995, f1 0.9285
acc 0.9289, nmi 0.7411, ari 0.8005, f1 0.9288
acc 0.9293, nmi 0.7421, ari 0.8013, f1 0.9292
acc 0.9299, nmi 0.7441, ari 0.8030, f1 0.9299
acc 0.9299, nmi 0.7441, ari 0.8030, f1 0.9299
acc 0.9299, nmi 0.7441, ari 0.8030, f1 0.9299
acc 0.9302, nmi 0.7448, ari 0.8039, f1 0.9302
acc 0.9306, nmi 0.7461, ari 0.8048, f1 0.9305
acc 0.9312, nmi 0.7475, ari 0.8065, f1 0.9312
acc 0.9322, nmi 0.7508, ari 0.8091, f1 0.9322
acc 0.9322, nmi 0.7508, ari 0.8091, f1 0.9322
acc 0.9326, nmi 0.7524, ari 0.8100, f1 0.9326
acc 0.9329, nmi 0.7535, ari 0.8109, f1 0.9329
acc 0.9332, nmi 0.7545, ari 0.8118, f1 0.9332
acc 0.9336, nmi 0.7555, ari 0.8126, f1 0.9336
acc 0.9342, nmi 0.7569, ari 0.8143, f1 0.9342
acc 0.9349, nmi 0.7581, ari 0.8160, f1 0.9349
acc 0.9349, nmi 0.7581, ari 0.8160, f1 0.9349
acc 0.9355, nmi 0.7601, ari 0.8178, f1 0.9355
acc 0.9365, nmi 0.7629, ari 0.8204, f1 0.9365
acc 0.9362, nmi 0.7621, ari 0.8196, f1 0.9362
acc 0.9359, nmi 0.7611, ari 0.8187, f1 0.9359
acc 0.9362, nmi 0.7622, ari 0.8195, f1 0.9362
acc 0.9372, nmi 0.7654, ari 0.8221, f1 0.9372
acc 0.9369, nmi 0.7643, ari 0.8213, f1 0.9369
acc 0.9372, nmi 0.7659, ari 0.8223, f1 0.9372
acc 0.9372, nmi 0.7662, ari 0.8223, f1 0.9372
acc 0.9379, nmi 0.7687, ari 0.8241, f1 0.9379
acc 0.9382, nmi 0.7698, ari 0.8250, f1 0.9382
acc 0.9385, nmi 0.7708, ari 0.8258, f1 0.9385
acc 0.9385, nmi 0.7706, ari 0.8258, f1 0.9386
acc 0.9392, nmi 0.7725, ari 0.8275, f1 0.9392
acc 0.9392, nmi 0.7725, ari 0.8275, f1 0.9392
acc 0.9395, nmi 0.7742, ari 0.8285, f1 0.9396
acc 0.9402, nmi 0.7763, ari 0.8302, f1 0.9402
acc 0.9402, nmi 0.7763, ari 0.8302, f1 0.9402
acc 0.9405, nmi 0.7776, ari 0.8312, f1 0.9405
acc 0.9408, nmi 0.7794, ari 0.8322, f1 0.9409
acc 0.9405, nmi 0.7784, ari 0.8313, f1 0.9405
acc 0.9395, nmi 0.7755, ari 0.8286, f1 0.9395
acc 0.9398, nmi 0.7766, ari 0.8295, f1 0.9399
acc 0.9398, nmi 0.7762, ari 0.8295, f1 0.9399
acc 0.9398, nmi 0.7762, ari 0.8295, f1 0.9399
acc 0.9402, nmi 0.7773, ari 0.8304, f1 0.9402
acc 0.9402, nmi 0.7773, ari 0.8304, f1 0.9402
acc 0.9402, nmi 0.7771, ari 0.8304, f1 0.9402
acc 0.9405, nmi 0.7784, ari 0.8313, f1 0.9405
acc 0.9408, nmi 0.7797, ari 0.8322, f1 0.9409
acc 0.9395, nmi 0.7766, ari 0.8287, f1 0.9395
acc 0.9395, nmi 0.7766, ari 0.8287, f1 0.9395
acc 0.9402, nmi 0.7784, ari 0.8304, f1 0.9402
acc 0.9402, nmi 0.7784, ari 0.8304, f1 0.9402
acc 0.9402, nmi 0.7784, ari 0.8304, f1 0.9402
acc 0.9402, nmi 0.7784, ari 0.8304, f1 0.9402
acc 0.9402, nmi 0.7784, ari 0.8304, f1 0.9402
acc 0.9402, nmi 0.7793, ari 0.8306, f1 0.9402
acc 0.9402, nmi 0.7793, ari 0.8306, f1 0.9402
acc 0.9398, nmi 0.7786, ari 0.8297, f1 0.9399
acc 0.9395, nmi 0.7775, ari 0.8288, f1 0.9395
acc 0.9392, nmi 0.7768, ari 0.8280, f1 0.9392
acc 0.9392, nmi 0.7768, ari 0.8280, f1 0.9392
acc 0.9392, nmi 0.7768, ari 0.8280, f1 0.9392
acc 0.9382, nmi 0.7731, ari 0.8252, f1 0.9382
acc 0.9385, nmi 0.7742, ari 0.8261, f1 0.9386
acc 0.9382, nmi 0.7732, ari 0.8252, f1 0.9382
acc 0.9382, nmi 0.7732, ari 0.8252, f1 0.9382
acc 0.9379, nmi 0.7722, ari 0.8243, f1 0.9379
acc 0.9375, nmi 0.7710, ari 0.8235, f1 0.9376
acc 0.9375, nmi 0.7710, ari 0.8235, f1 0.9376
acc 0.9379, nmi 0.7721, ari 0.8244, f1 0.9379
acc 0.9379, nmi 0.7721, ari 0.8244, f1 0.9379
acc 0.9385, nmi 0.7743, ari 0.8261, f1 0.9386
acc 0.9379, nmi 0.7725, ari 0.8244, f1 0.9379
acc 0.9382, nmi 0.7736, ari 0.8253, f1 0.9382
acc 0.9375, nmi 0.7714, ari 0.8235, f1 0.9376
acc 0.9382, nmi 0.7736, ari 0.8253, f1 0.9382
acc 0.9375, nmi 0.7716, ari 0.8235, f1 0.9376
acc 0.9382, nmi 0.7737, ari 0.8253, f1 0.9383
acc 0.9382, nmi 0.7738, ari 0.8253, f1 0.9382
acc 0.9379, nmi 0.7727, ari 0.8244, f1 0.9379
acc 0.9382, nmi 0.7740, ari 0.8253, f1 0.9383
acc 0.9379, nmi 0.7727, ari 0.8244, f1 0.9379
acc 0.9382, nmi 0.7730, ari 0.8252, f1 0.9382
acc 0.9382, nmi 0.7732, ari 0.8252, f1 0.9382
acc 0.9385, nmi 0.7739, ari 0.8261, f1 0.9386
acc 0.9385, nmi 0.7742, ari 0.8261, f1 0.9386
acc 0.9382, nmi 0.7729, ari 0.8252, f1 0.9382
acc 0.9382, nmi 0.7721, ari 0.8251, f1 0.9383
acc 0.9379, nmi 0.7718, ari 0.8243, f1 0.9379
acc 0.9379, nmi 0.7718, ari 0.8243, f1 0.9379
acc 0.9379, nmi 0.7716, ari 0.8242, f1 0.9380
acc 0.9379, nmi 0.7716, ari 0.8242, f1 0.9380
acc 0.9379, nmi 0.7723, ari 0.8243, f1 0.9380
acc 0.9375, nmi 0.7709, ari 0.8234, f1 0.9376
acc 0.9372, nmi 0.7699, ari 0.8225, f1 0.9373
acc 0.9362, nmi 0.7667, ari 0.8199, f1 0.9363
acc 0.9359, nmi 0.7657, ari 0.8190, f1 0.9360
acc 0.9355, nmi 0.7650, ari 0.8182, f1 0.9356
acc 0.9355, nmi 0.7652, ari 0.8182, f1 0.9356
acc 0.9359, nmi 0.7662, ari 0.8191, f1 0.9359
acc 0.9359, nmi 0.7663, ari 0.8191, f1 0.9360
acc 0.9362, nmi 0.7668, ari 0.8199, f1 0.9363
acc 0.9355, nmi 0.7650, ari 0.8182, f1 0.9356
acc 0.9359, nmi 0.7658, ari 0.8191, f1 0.9359
acc 0.9359, nmi 0.7672, ari 0.8191, f1 0.9360
acc 0.9372, nmi 0.7699, ari 0.8227, f1 0.9372
acc 0.9342, nmi 0.7599, ari 0.8149, f1 0.9340
acc 0.9200, nmi 0.7136, ari 0.7763, f1 0.9195
acc 0.9193, nmi 0.7059, ari 0.7740, f1 0.9190
acc 0.8783, nmi 0.6225, ari 0.6642, f1 0.8804
acc 0.9071, nmi 0.7062, ari 0.7439, f1 0.9079
acc 0.9342, nmi 0.7628, ari 0.8149, f1 0.9342
acc 0.9286, nmi 0.7479, ari 0.8002, f1 0.9286
acc 0.9160, nmi 0.7111, ari 0.7673, f1 0.9161
acc 0.8757, nmi 0.6209, ari 0.6553, f1 0.8775
acc 0.8836, nmi 0.6520, ari 0.6878, f1 0.8850
acc 0.6668, nmi 0.4777, ari 0.4321, f1 0.6728
acc 0.8826, nmi 0.6606, ari 0.6931, f1 0.8828
acc 0.9197, nmi 0.7315, ari 0.7784, f1 0.9197
acc 0.9068, nmi 0.6968, ari 0.7449, f1 0.9068
acc 0.8860, nmi 0.6640, ari 0.6968, f1 0.8853
