acc 0.8251, nmi 0.5127, ari 0.5562, f1 0.8254
acc 0.6912, nmi 0.3310, ari 0.3340, f1 0.6913
acc 0.8486, nmi 0.5370, ari 0.6016, f1 0.8490
acc 0.8565, nmi 0.5701, ari 0.6242, f1 0.8568
acc 0.8539, nmi 0.5644, ari 0.6172, f1 0.8545
acc 0.8529, nmi 0.5642, ari 0.6155, f1 0.8536
acc 0.8288, nmi 0.5226, ari 0.5622, f1 0.8294
acc 0.8433, nmi 0.5424, ari 0.5925, f1 0.8440
acc 0.8562, nmi 0.5643, ari 0.6218, f1 0.8566
acc 0.8641, nmi 0.5804, ari 0.6407, f1 0.8642
acc 0.8625, nmi 0.5787, ari 0.6365, f1 0.8628
acc 0.8598, nmi 0.5721, ari 0.6296, f1 0.8603
acc 0.8605, nmi 0.5725, ari 0.6309, f1 0.8609
acc 0.8602, nmi 0.5716, ari 0.6301, f1 0.8606
acc 0.8625, nmi 0.5759, ari 0.6354, f1 0.8629
acc 0.8635, nmi 0.5782, ari 0.6383, f1 0.8637
acc 0.8658, nmi 0.5824, ari 0.6436, f1 0.8660
acc 0.8711, nmi 0.5928, ari 0.6556, f1 0.8713
acc 0.8678, nmi 0.5865, ari 0.6475, f1 0.8681
acc 0.8688, nmi 0.5892, ari 0.6499, f1 0.8691
acc 0.8668, nmi 0.5843, ari 0.6452, f1 0.8672
acc 0.8681, nmi 0.5863, ari 0.6479, f1 0.8685
acc 0.8701, nmi 0.5897, ari 0.6526, f1 0.8704
acc 0.8698, nmi 0.5896, ari 0.6518, f1 0.8701
acc 0.8694, nmi 0.5888, ari 0.6509, f1 0.8698
acc 0.8691, nmi 0.5869, ari 0.6501, f1 0.8694
acc 0.8698, nmi 0.5885, ari 0.6515, f1 0.8702
acc 0.8694, nmi 0.5880, ari 0.6508, f1 0.8698
acc 0.8694, nmi 0.5872, ari 0.6509, f1 0.8697
acc 0.8698, nmi 0.5885, ari 0.6519, f1 0.8700
acc 0.8701, nmi 0.5894, ari 0.6525, f1 0.8704
acc 0.8698, nmi 0.5885, ari 0.6518, f1 0.8701
acc 0.8714, nmi 0.5921, ari 0.6556, f1 0.8718
acc 0.8714, nmi 0.5918, ari 0.6556, f1 0.8717
acc 0.8740, nmi 0.5981, ari 0.6623, f1 0.8743
acc 0.8724, nmi 0.5940, ari 0.6580, f1 0.8727
acc 0.8744, nmi 0.5987, ari 0.6629, f1 0.8747
acc 0.8721, nmi 0.5939, ari 0.6574, f1 0.8724
acc 0.8724, nmi 0.5947, ari 0.6581, f1 0.8727
acc 0.8740, nmi 0.5980, ari 0.6621, f1 0.8744
acc 0.8750, nmi 0.6016, ari 0.6648, f1 0.8753
acc 0.8754, nmi 0.6039, ari 0.6657, f1 0.8757
acc 0.8780, nmi 0.6084, ari 0.6715, f1 0.8784
acc 0.8783, nmi 0.6096, ari 0.6723, f1 0.8787
acc 0.8797, nmi 0.6122, ari 0.6757, f1 0.8800
acc 0.8803, nmi 0.6138, ari 0.6773, f1 0.8806
acc 0.8836, nmi 0.6207, ari 0.6854, f1 0.8839
acc 0.8840, nmi 0.6216, ari 0.6861, f1 0.8843
acc 0.8856, nmi 0.6250, ari 0.6901, f1 0.8859
acc 0.8856, nmi 0.6250, ari 0.6901, f1 0.8859
acc 0.8856, nmi 0.6250, ari 0.6901, f1 0.8859
acc 0.8863, nmi 0.6265, ari 0.6918, f1 0.8865
acc 0.8879, nmi 0.6306, ari 0.6959, f1 0.8881
acc 0.8876, nmi 0.6299, ari 0.6951, f1 0.8878
acc 0.8883, nmi 0.6314, ari 0.6967, f1 0.8885
acc 0.8889, nmi 0.6330, ari 0.6983, f1 0.8891
acc 0.8886, nmi 0.6323, ari 0.6975, f1 0.8888
acc 0.8902, nmi 0.6372, ari 0.7016, f1 0.8905
acc 0.8902, nmi 0.6372, ari 0.7016, f1 0.8905
acc 0.8909, nmi 0.6392, ari 0.7033, f1 0.8912
acc 0.8909, nmi 0.6392, ari 0.7033, f1 0.8912
acc 0.8916, nmi 0.6405, ari 0.7048, f1 0.8918
acc 0.8919, nmi 0.6413, ari 0.7056, f1 0.8922
acc 0.8916, nmi 0.6407, ari 0.7048, f1 0.8918
acc 0.8936, nmi 0.6459, ari 0.7099, f1 0.8938
acc 0.8939, nmi 0.6465, ari 0.7107, f1 0.8941
acc 0.8945, nmi 0.6495, ari 0.7126, f1 0.8948
acc 0.8952, nmi 0.6511, ari 0.7142, f1 0.8954
acc 0.8959, nmi 0.6530, ari 0.7159, f1 0.8961
acc 0.8959, nmi 0.6532, ari 0.7161, f1 0.8960
acc 0.8975, nmi 0.6570, ari 0.7202, f1 0.8976
acc 0.8985, nmi 0.6600, ari 0.7228, f1 0.8986
acc 0.8995, nmi 0.6622, ari 0.7253, f1 0.8995
acc 0.8998, nmi 0.6629, ari 0.7260, f1 0.8999
acc 0.9012, nmi 0.6659, ari 0.7293, f1 0.9012
acc 0.9012, nmi 0.6659, ari 0.7293, f1 0.9012
acc 0.9018, nmi 0.6674, ari 0.7309, f1 0.9019
acc 0.9018, nmi 0.6676, ari 0.7310, f1 0.9018
acc 0.9021, nmi 0.6685, ari 0.7317, f1 0.9022
acc 0.9021, nmi 0.6688, ari 0.7317, f1 0.9022
acc 0.9028, nmi 0.6699, ari 0.7333, f1 0.9029
acc 0.9025, nmi 0.6692, ari 0.7325, f1 0.9026
acc 0.9028, nmi 0.6699, ari 0.7333, f1 0.9029
acc 0.9038, nmi 0.6722, ari 0.7357, f1 0.9039
acc 0.9045, nmi 0.6738, ari 0.7374, f1 0.9045
acc 0.9045, nmi 0.6733, ari 0.7373, f1 0.9045
acc 0.9045, nmi 0.6732, ari 0.7373, f1 0.9045
acc 0.9061, nmi 0.6772, ari 0.7415, f1 0.9062
acc 0.9071, nmi 0.6795, ari 0.7440, f1 0.9071
acc 0.9061, nmi 0.6782, ari 0.7417, f1 0.9061
acc 0.9074, nmi 0.6812, ari 0.7450, f1 0.9074
acc 0.9084, nmi 0.6840, ari 0.7475, f1 0.9084
acc 0.9088, nmi 0.6849, ari 0.7483, f1 0.9088
acc 0.9094, nmi 0.6867, ari 0.7499, f1 0.9095
acc 0.9094, nmi 0.6871, ari 0.7500, f1 0.9094
acc 0.9104, nmi 0.6896, ari 0.7525, f1 0.9104
acc 0.9114, nmi 0.6923, ari 0.7550, f1 0.9114
acc 0.9114, nmi 0.6923, ari 0.7550, f1 0.9114
acc 0.9111, nmi 0.6917, ari 0.7542, f1 0.9111
acc 0.9107, nmi 0.6907, ari 0.7534, f1 0.9107
acc 0.9101, nmi 0.6888, ari 0.7518, f1 0.9100
acc 0.9098, nmi 0.6879, ari 0.7510, f1 0.9097
acc 0.9101, nmi 0.6892, ari 0.7518, f1 0.9100
acc 0.9101, nmi 0.6892, ari 0.7518, f1 0.9100
acc 0.9098, nmi 0.6889, ari 0.7510, f1 0.9097
acc 0.9098, nmi 0.6893, ari 0.7511, f1 0.9097
acc 0.9101, nmi 0.6903, ari 0.7519, f1 0.9100
acc 0.9101, nmi 0.6907, ari 0.7521, f1 0.9100
acc 0.9098, nmi 0.6901, ari 0.7513, f1 0.9097
acc 0.9098, nmi 0.6901, ari 0.7513, f1 0.9097
acc 0.9098, nmi 0.6901, ari 0.7513, f1 0.9097
acc 0.9101, nmi 0.6910, ari 0.7521, f1 0.9100
acc 0.9107, nmi 0.6922, ari 0.7537, f1 0.9107
acc 0.9107, nmi 0.6922, ari 0.7537, f1 0.9107
acc 0.9104, nmi 0.6914, ari 0.7529, f1 0.9104
acc 0.9111, nmi 0.6933, ari 0.7545, f1 0.9111
acc 0.9104, nmi 0.6914, ari 0.7529, f1 0.9104
acc 0.9098, nmi 0.6901, ari 0.7513, f1 0.9097
acc 0.9101, nmi 0.6911, ari 0.7521, f1 0.9101
acc 0.9098, nmi 0.6902, ari 0.7512, f1 0.9098
acc 0.9101, nmi 0.6912, ari 0.7520, f1 0.9101
acc 0.9117, nmi 0.6955, ari 0.7563, f1 0.9117
acc 0.9111, nmi 0.6943, ari 0.7547, f1 0.9110
acc 0.9111, nmi 0.6943, ari 0.7547, f1 0.9110
acc 0.9111, nmi 0.6943, ari 0.7547, f1 0.9110
acc 0.9101, nmi 0.6917, ari 0.7523, f1 0.9100
acc 0.9098, nmi 0.6914, ari 0.7515, f1 0.9096
acc 0.9091, nmi 0.6891, ari 0.7497, f1 0.9090
acc 0.9094, nmi 0.6902, ari 0.7506, f1 0.9093
acc 0.9094, nmi 0.6904, ari 0.7507, f1 0.9093
acc 0.9091, nmi 0.6894, ari 0.7498, f1 0.9089
acc 0.9091, nmi 0.6895, ari 0.7498, f1 0.9090
acc 0.9091, nmi 0.6895, ari 0.7498, f1 0.9090
acc 0.9091, nmi 0.6895, ari 0.7498, f1 0.9090
acc 0.9091, nmi 0.6895, ari 0.7499, f1 0.9089
acc 0.9094, nmi 0.6903, ari 0.7507, f1 0.9092
acc 0.9098, nmi 0.6910, ari 0.7515, f1 0.9096
acc 0.9098, nmi 0.6910, ari 0.7515, f1 0.9096
acc 0.9104, nmi 0.6925, ari 0.7531, f1 0.9102
acc 0.9104, nmi 0.6922, ari 0.7531, f1 0.9103
acc 0.9101, nmi 0.6913, ari 0.7523, f1 0.9099
acc 0.9101, nmi 0.6908, ari 0.7522, f1 0.9099
acc 0.9104, nmi 0.6921, ari 0.7531, f1 0.9102
acc 0.9104, nmi 0.6921, ari 0.7531, f1 0.9102
acc 0.9101, nmi 0.6912, ari 0.7523, f1 0.9099
acc 0.9101, nmi 0.6912, ari 0.7523, f1 0.9099
acc 0.9101, nmi 0.6912, ari 0.7523, f1 0.9099
acc 0.9101, nmi 0.6912, ari 0.7523, f1 0.9099
acc 0.9091, nmi 0.6893, ari 0.7500, f1 0.9089
acc 0.9091, nmi 0.6893, ari 0.7500, f1 0.9089
acc 0.9091, nmi 0.6889, ari 0.7498, f1 0.9089
acc 0.9091, nmi 0.6883, ari 0.7497, f1 0.9089
acc 0.9091, nmi 0.6883, ari 0.7497, f1 0.9089
acc 0.9094, nmi 0.6892, ari 0.7505, f1 0.9092
acc 0.9084, nmi 0.6868, ari 0.7481, f1 0.9082
acc 0.9088, nmi 0.6877, ari 0.7489, f1 0.9085
acc 0.9088, nmi 0.6877, ari 0.7489, f1 0.9085
acc 0.9084, nmi 0.6868, ari 0.7481, f1 0.9082
acc 0.9084, nmi 0.6868, ari 0.7481, f1 0.9082
acc 0.9088, nmi 0.6877, ari 0.7489, f1 0.9085
acc 0.9088, nmi 0.6877, ari 0.7489, f1 0.9085
acc 0.9088, nmi 0.6877, ari 0.7489, f1 0.9085
acc 0.9091, nmi 0.6883, ari 0.7497, f1 0.9089
acc 0.9094, nmi 0.6892, ari 0.7506, f1 0.9092
acc 0.9091, nmi 0.6883, ari 0.7497, f1 0.9089
acc 0.9094, nmi 0.6892, ari 0.7506, f1 0.9092
acc 0.9094, nmi 0.6892, ari 0.7506, f1 0.9092
acc 0.9098, nmi 0.6901, ari 0.7514, f1 0.9096
acc 0.9107, nmi 0.6937, ari 0.7541, f1 0.9105
acc 0.9111, nmi 0.6944, ari 0.7549, f1 0.9108
acc 0.9111, nmi 0.6944, ari 0.7549, f1 0.9108
acc 0.9107, nmi 0.6935, ari 0.7541, f1 0.9105
acc 0.9107, nmi 0.6935, ari 0.7541, f1 0.9105
acc 0.9111, nmi 0.6941, ari 0.7549, f1 0.9108
acc 0.9114, nmi 0.6950, ari 0.7558, f1 0.9111
acc 0.9114, nmi 0.6950, ari 0.7558, f1 0.9111
acc 0.9117, nmi 0.6959, ari 0.7566, f1 0.9115
acc 0.9121, nmi 0.6971, ari 0.7575, f1 0.9118
acc 0.9131, nmi 0.6998, ari 0.7600, f1 0.9127
acc 0.9134, nmi 0.7010, ari 0.7609, f1 0.9131
acc 0.9134, nmi 0.7010, ari 0.7609, f1 0.9131
acc 0.9144, nmi 0.7038, ari 0.7633, f1 0.9141
acc 0.9144, nmi 0.7035, ari 0.7633, f1 0.9141
acc 0.9147, nmi 0.7041, ari 0.7641, f1 0.9145
acc 0.9147, nmi 0.7041, ari 0.7641, f1 0.9145
acc 0.9150, nmi 0.7051, ari 0.7649, f1 0.9148
acc 0.9154, nmi 0.7057, ari 0.7657, f1 0.9151
acc 0.9154, nmi 0.7057, ari 0.7657, f1 0.9151
acc 0.9154, nmi 0.7057, ari 0.7657, f1 0.9151
acc 0.9154, nmi 0.7057, ari 0.7657, f1 0.9151
acc 0.9154, nmi 0.7053, ari 0.7657, f1 0.9152
acc 0.9157, nmi 0.7066, ari 0.7666, f1 0.9155
acc 0.9154, nmi 0.7053, ari 0.7657, f1 0.9152
acc 0.9164, nmi 0.7085, ari 0.7683, f1 0.9162
acc 0.9167, nmi 0.7091, ari 0.7691, f1 0.9165
acc 0.9167, nmi 0.7091, ari 0.7691, f1 0.9165
acc 0.9167, nmi 0.7091, ari 0.7691, f1 0.9165
acc 0.9164, nmi 0.7085, ari 0.7683, f1 0.9162
acc 0.9167, nmi 0.7094, ari 0.7692, f1 0.9165
acc 0.9170, nmi 0.7104, ari 0.7700, f1 0.9168
