acc 0.8251, nmi 0.5127, ari 0.5562, f1 0.8254
acc 0.6598, nmi 0.3011, ari 0.2970, f1 0.6598
acc 0.8159, nmi 0.4787, ari 0.5318, f1 0.8165
acc 0.8360, nmi 0.5273, ari 0.5783, f1 0.8366
acc 0.8251, nmi 0.5081, ari 0.5551, f1 0.8257
acc 0.8235, nmi 0.5107, ari 0.5535, f1 0.8242
acc 0.7950, nmi 0.4650, ari 0.4939, f1 0.7957
acc 0.8145, nmi 0.4899, ari 0.5301, f1 0.8156
acc 0.8344, nmi 0.5201, ari 0.5732, f1 0.8350
acc 0.8374, nmi 0.5275, ari 0.5807, f1 0.8378
acc 0.8350, nmi 0.5258, ari 0.5761, f1 0.8355
acc 0.8350, nmi 0.5235, ari 0.5742, f1 0.8358
acc 0.8334, nmi 0.5191, ari 0.5704, f1 0.8341
acc 0.8327, nmi 0.5191, ari 0.5699, f1 0.8332
acc 0.8350, nmi 0.5226, ari 0.5749, f1 0.8355
acc 0.8357, nmi 0.5206, ari 0.5750, f1 0.8364
acc 0.8374, nmi 0.5238, ari 0.5789, f1 0.8380
acc 0.8400, nmi 0.5302, ari 0.5853, f1 0.8404
acc 0.8380, nmi 0.5289, ari 0.5810, f1 0.8386
acc 0.8357, nmi 0.5235, ari 0.5755, f1 0.8363
acc 0.8347, nmi 0.5223, ari 0.5738, f1 0.8353
acc 0.8370, nmi 0.5237, ari 0.5781, f1 0.8376
acc 0.8370, nmi 0.5214, ari 0.5778, f1 0.8375
acc 0.8360, nmi 0.5189, ari 0.5752, f1 0.8366
acc 0.8377, nmi 0.5224, ari 0.5786, f1 0.8383
acc 0.8354, nmi 0.5183, ari 0.5738, f1 0.8359
acc 0.8314, nmi 0.5114, ari 0.5653, f1 0.8320
acc 0.8340, nmi 0.5152, ari 0.5707, f1 0.8347
acc 0.8317, nmi 0.5086, ari 0.5650, f1 0.8324
acc 0.8307, nmi 0.5059, ari 0.5624, f1 0.8315
acc 0.8314, nmi 0.5072, ari 0.5636, f1 0.8322
acc 0.8344, nmi 0.5127, ari 0.5704, f1 0.8350
acc 0.8327, nmi 0.5094, ari 0.5668, f1 0.8333
acc 0.8311, nmi 0.5067, ari 0.5629, f1 0.8318
acc 0.8255, nmi 0.4948, ari 0.5508, f1 0.8262
acc 0.8268, nmi 0.4976, ari 0.5538, f1 0.8275
acc 0.8212, nmi 0.4863, ari 0.5414, f1 0.8220
acc 0.8271, nmi 0.4986, ari 0.5539, f1 0.8279
acc 0.8192, nmi 0.4810, ari 0.5364, f1 0.8201
acc 0.8195, nmi 0.4812, ari 0.5369, f1 0.8205
acc 0.8274, nmi 0.4984, ari 0.5546, f1 0.8282
acc 0.8241, nmi 0.4917, ari 0.5477, f1 0.8249
acc 0.8231, nmi 0.4885, ari 0.5451, f1 0.8240
acc 0.8235, nmi 0.4897, ari 0.5457, f1 0.8243
acc 0.8264, nmi 0.4956, ari 0.5524, f1 0.8272
acc 0.8274, nmi 0.4975, ari 0.5546, f1 0.8282
acc 0.8288, nmi 0.4987, ari 0.5579, f1 0.8293
acc 0.8301, nmi 0.5008, ari 0.5605, f1 0.8307
acc 0.8294, nmi 0.5008, ari 0.5594, f1 0.8300
acc 0.8301, nmi 0.5026, ari 0.5607, f1 0.8307
acc 0.8301, nmi 0.5021, ari 0.5608, f1 0.8306
acc 0.8314, nmi 0.5036, ari 0.5639, f1 0.8318
acc 0.8307, nmi 0.5025, ari 0.5626, f1 0.8311
acc 0.8314, nmi 0.5040, ari 0.5640, f1 0.8318
acc 0.8304, nmi 0.5018, ari 0.5619, f1 0.8308
acc 0.8301, nmi 0.5011, ari 0.5611, f1 0.8305
acc 0.8301, nmi 0.5011, ari 0.5611, f1 0.8305
acc 0.8294, nmi 0.4990, ari 0.5594, f1 0.8298
acc 0.8288, nmi 0.4974, ari 0.5579, f1 0.8292
acc 0.8298, nmi 0.4997, ari 0.5602, f1 0.8302
acc 0.8298, nmi 0.4993, ari 0.5601, f1 0.8301
acc 0.8291, nmi 0.4976, ari 0.5588, f1 0.8294
acc 0.8294, nmi 0.4982, ari 0.5595, f1 0.8297
acc 0.8288, nmi 0.4969, ari 0.5581, f1 0.8291
acc 0.8284, nmi 0.4964, ari 0.5574, f1 0.8288
acc 0.8284, nmi 0.4964, ari 0.5574, f1 0.8288
acc 0.8278, nmi 0.4952, ari 0.5559, f1 0.8281
acc 0.8274, nmi 0.4938, ari 0.5548, f1 0.8279
acc 0.8278, nmi 0.4949, ari 0.5559, f1 0.8281
acc 0.8284, nmi 0.4971, ari 0.5577, f1 0.8287
acc 0.8284, nmi 0.4971, ari 0.5577, f1 0.8287
acc 0.8284, nmi 0.4971, ari 0.5577, f1 0.8287
acc 0.8284, nmi 0.4969, ari 0.5577, f1 0.8287
acc 0.8288, nmi 0.4972, ari 0.5582, f1 0.8291
acc 0.8294, nmi 0.4987, ari 0.5599, f1 0.8296
acc 0.8291, nmi 0.4981, ari 0.5592, f1 0.8293
acc 0.8291, nmi 0.4981, ari 0.5592, f1 0.8293
acc 0.8288, nmi 0.4975, ari 0.5585, f1 0.8290
acc 0.8288, nmi 0.4973, ari 0.5584, f1 0.8290
acc 0.8288, nmi 0.4973, ari 0.5584, f1 0.8290
acc 0.8288, nmi 0.4973, ari 0.5584, f1 0.8290
acc 0.8291, nmi 0.4979, ari 0.5589, f1 0.8294
acc 0.8304, nmi 0.5014, ari 0.5620, f1 0.8307
acc 0.8294, nmi 0.4985, ari 0.5597, f1 0.8297
acc 0.8301, nmi 0.4999, ari 0.5612, f1 0.8303
acc 0.8304, nmi 0.5010, ari 0.5619, f1 0.8307
acc 0.8304, nmi 0.5002, ari 0.5618, f1 0.8307
acc 0.8304, nmi 0.5008, ari 0.5618, f1 0.8307
acc 0.8304, nmi 0.5008, ari 0.5618, f1 0.8307
acc 0.8331, nmi 0.5053, ari 0.5672, f1 0.8334
acc 0.8317, nmi 0.5029, ari 0.5646, f1 0.8320
acc 0.8314, nmi 0.5026, ari 0.5641, f1 0.8316
acc 0.8321, nmi 0.5043, ari 0.5655, f1 0.8324
acc 0.8340, nmi 0.5074, ari 0.5694, f1 0.8344
acc 0.8331, nmi 0.5063, ari 0.5672, f1 0.8334
acc 0.8340, nmi 0.5078, ari 0.5694, f1 0.8344
acc 0.8337, nmi 0.5082, ari 0.5688, f1 0.8341
acc 0.8347, nmi 0.5085, ari 0.5707, f1 0.8351
acc 0.8354, nmi 0.5115, ari 0.5728, f1 0.8356
acc 0.8360, nmi 0.5123, ari 0.5742, f1 0.8363
acc 0.8360, nmi 0.5129, ari 0.5744, f1 0.8362
acc 0.8360, nmi 0.5129, ari 0.5744, f1 0.8362
acc 0.8367, nmi 0.5143, ari 0.5760, f1 0.8368
acc 0.8367, nmi 0.5145, ari 0.5760, f1 0.8369
acc 0.8370, nmi 0.5144, ari 0.5764, f1 0.8372
acc 0.8374, nmi 0.5155, ari 0.5773, f1 0.8376
acc 0.8377, nmi 0.5161, ari 0.5781, f1 0.8379
acc 0.8377, nmi 0.5161, ari 0.5781, f1 0.8379
acc 0.8380, nmi 0.5168, ari 0.5789, f1 0.8382
acc 0.8380, nmi 0.5168, ari 0.5789, f1 0.8382
acc 0.8387, nmi 0.5180, ari 0.5802, f1 0.8389
acc 0.8374, nmi 0.5156, ari 0.5773, f1 0.8375
acc 0.8377, nmi 0.5165, ari 0.5781, f1 0.8379
acc 0.8387, nmi 0.5180, ari 0.5802, f1 0.8389
acc 0.8380, nmi 0.5158, ari 0.5785, f1 0.8382
acc 0.8380, nmi 0.5158, ari 0.5785, f1 0.8382
acc 0.8393, nmi 0.5189, ari 0.5816, f1 0.8395
acc 0.8383, nmi 0.5158, ari 0.5790, f1 0.8385
acc 0.8397, nmi 0.5200, ari 0.5824, f1 0.8399
acc 0.8397, nmi 0.5200, ari 0.5824, f1 0.8399
acc 0.8397, nmi 0.5197, ari 0.5824, f1 0.8398
acc 0.8400, nmi 0.5205, ari 0.5832, f1 0.8402
acc 0.8393, nmi 0.5189, ari 0.5816, f1 0.8395
acc 0.8390, nmi 0.5177, ari 0.5807, f1 0.8392
acc 0.8393, nmi 0.5184, ari 0.5815, f1 0.8395
acc 0.8410, nmi 0.5227, ari 0.5855, f1 0.8411
acc 0.8403, nmi 0.5206, ari 0.5838, f1 0.8405
acc 0.8413, nmi 0.5211, ari 0.5855, f1 0.8415
acc 0.8410, nmi 0.5202, ari 0.5847, f1 0.8411
acc 0.8426, nmi 0.5256, ari 0.5891, f1 0.8428
acc 0.8426, nmi 0.5252, ari 0.5889, f1 0.8428
acc 0.8426, nmi 0.5247, ari 0.5887, f1 0.8428
acc 0.8426, nmi 0.5248, ari 0.5888, f1 0.8428
acc 0.8430, nmi 0.5254, ari 0.5896, f1 0.8431
acc 0.8436, nmi 0.5265, ari 0.5910, f1 0.8437
acc 0.8440, nmi 0.5272, ari 0.5918, f1 0.8441
acc 0.8440, nmi 0.5272, ari 0.5918, f1 0.8441
acc 0.8446, nmi 0.5287, ari 0.5933, f1 0.8447
acc 0.8443, nmi 0.5281, ari 0.5925, f1 0.8444
acc 0.8446, nmi 0.5281, ari 0.5931, f1 0.8447
acc 0.8450, nmi 0.5294, ari 0.5940, f1 0.8450
acc 0.8450, nmi 0.5292, ari 0.5939, f1 0.8450
acc 0.8443, nmi 0.5276, ari 0.5923, f1 0.8444
acc 0.8460, nmi 0.5309, ari 0.5962, f1 0.8460
acc 0.8456, nmi 0.5308, ari 0.5955, f1 0.8457
acc 0.8456, nmi 0.5309, ari 0.5954, f1 0.8457
acc 0.8453, nmi 0.5298, ari 0.5948, f1 0.8453
acc 0.8450, nmi 0.5301, ari 0.5941, f1 0.8450
acc 0.8446, nmi 0.5292, ari 0.5934, f1 0.8447
acc 0.8446, nmi 0.5292, ari 0.5934, f1 0.8447
acc 0.8460, nmi 0.5312, ari 0.5961, f1 0.8460
acc 0.8453, nmi 0.5309, ari 0.5948, f1 0.8454
acc 0.8446, nmi 0.5294, ari 0.5934, f1 0.8447
acc 0.8446, nmi 0.5290, ari 0.5934, f1 0.8447
acc 0.8446, nmi 0.5294, ari 0.5934, f1 0.8447
acc 0.8466, nmi 0.5330, ari 0.5977, f1 0.8467
acc 0.8463, nmi 0.5329, ari 0.5971, f1 0.8463
acc 0.8463, nmi 0.5327, ari 0.5970, f1 0.8464
acc 0.8463, nmi 0.5327, ari 0.5971, f1 0.8463
acc 0.8469, nmi 0.5345, ari 0.5987, f1 0.8470
acc 0.8463, nmi 0.5329, ari 0.5971, f1 0.8463
acc 0.8453, nmi 0.5298, ari 0.5946, f1 0.8453
acc 0.8463, nmi 0.5325, ari 0.5970, f1 0.8463
acc 0.8469, nmi 0.5343, ari 0.5986, f1 0.8470
acc 0.8473, nmi 0.5352, ari 0.5993, f1 0.8473
acc 0.8476, nmi 0.5359, ari 0.6000, f1 0.8477
acc 0.8466, nmi 0.5335, ari 0.5979, f1 0.8466
acc 0.8473, nmi 0.5353, ari 0.5991, f1 0.8474
acc 0.8473, nmi 0.5345, ari 0.5990, f1 0.8474
acc 0.8476, nmi 0.5351, ari 0.5997, f1 0.8477
acc 0.8486, nmi 0.5373, ari 0.6018, f1 0.8487
acc 0.8486, nmi 0.5373, ari 0.6018, f1 0.8487
acc 0.8489, nmi 0.5382, ari 0.6026, f1 0.8491
acc 0.8489, nmi 0.5382, ari 0.6026, f1 0.8491
acc 0.8489, nmi 0.5382, ari 0.6026, f1 0.8491
acc 0.8489, nmi 0.5386, ari 0.6029, f1 0.8490
acc 0.8499, nmi 0.5419, ari 0.6054, f1 0.8500
acc 0.8493, nmi 0.5399, ari 0.6040, f1 0.8492
acc 0.8493, nmi 0.5399, ari 0.6040, f1 0.8492
acc 0.8493, nmi 0.5403, ari 0.6041, f1 0.8492
acc 0.8499, nmi 0.5419, ari 0.6055, f1 0.8499
acc 0.8489, nmi 0.5387, ari 0.6031, f1 0.8489
acc 0.8496, nmi 0.5393, ari 0.6042, f1 0.8496
acc 0.8499, nmi 0.5396, ari 0.6049, f1 0.8499
acc 0.8499, nmi 0.5396, ari 0.6049, f1 0.8499
acc 0.8496, nmi 0.5388, ari 0.6041, f1 0.8496
acc 0.8506, nmi 0.5412, ari 0.6065, f1 0.8506
acc 0.8496, nmi 0.5396, ari 0.6042, f1 0.8496
acc 0.8509, nmi 0.5424, ari 0.6073, f1 0.8509
acc 0.8502, nmi 0.5414, ari 0.6058, f1 0.8503
acc 0.8502, nmi 0.5414, ari 0.6058, f1 0.8503
acc 0.8532, nmi 0.5466, ari 0.6121, f1 0.8533
acc 0.8532, nmi 0.5466, ari 0.6121, f1 0.8533
acc 0.8536, nmi 0.5474, ari 0.6129, f1 0.8536
acc 0.8542, nmi 0.5489, ari 0.6146, f1 0.8542
acc 0.8549, nmi 0.5506, ari 0.6162, f1 0.8548
acc 0.8526, nmi 0.5460, ari 0.6113, f1 0.8524
acc 0.8539, nmi 0.5485, ari 0.6143, f1 0.8537
acc 0.8536, nmi 0.5479, ari 0.6136, f1 0.8534
acc 0.8539, nmi 0.5489, ari 0.6144, f1 0.8537
