acc 0.8119, nmi 0.5586, ari 0.6140, f1 0.7605
acc 0.8234, nmi 0.5766, ari 0.6354, f1 0.7748
acc 0.8157, nmi 0.5857, ari 0.6237, f1 0.7756
acc 0.8126, nmi 0.5838, ari 0.6184, f1 0.7728
acc 0.8308, nmi 0.6127, ari 0.6583, f1 0.7887
acc 0.8402, nmi 0.6325, ari 0.6811, f1 0.7972
acc 0.8447, nmi 0.6431, ari 0.6901, f1 0.8020
acc 0.8454, nmi 0.6466, ari 0.6911, f1 0.8029
acc 0.8451, nmi 0.6468, ari 0.6893, f1 0.8031
acc 0.8446, nmi 0.6473, ari 0.6887, f1 0.8027
acc 0.8346, nmi 0.6354, ari 0.6679, f1 0.7936
acc 0.8315, nmi 0.6326, ari 0.6631, f1 0.7907
acc 0.8284, nmi 0.6299, ari 0.6574, f1 0.7879
acc 0.8265, nmi 0.6276, ari 0.6544, f1 0.7862
acc 0.8243, nmi 0.6261, ari 0.6495, f1 0.7846
acc 0.8228, nmi 0.6247, ari 0.6453, f1 0.7836
acc 0.8217, nmi 0.6242, ari 0.6424, f1 0.7829
acc 0.8204, nmi 0.6227, ari 0.6396, f1 0.7819
acc 0.8197, nmi 0.6217, ari 0.6379, f1 0.7814
acc 0.8181, nmi 0.6197, ari 0.6353, f1 0.7798
acc 0.8176, nmi 0.6186, ari 0.6341, f1 0.7794
acc 0.8168, nmi 0.6180, ari 0.6330, f1 0.7785
acc 0.8162, nmi 0.6176, ari 0.6319, f1 0.7781
acc 0.8157, nmi 0.6165, ari 0.6305, f1 0.7778
acc 0.8148, nmi 0.6163, ari 0.6284, f1 0.7772
acc 0.8133, nmi 0.6146, ari 0.6255, f1 0.7760
acc 0.8127, nmi 0.6133, ari 0.6241, f1 0.7754
acc 0.8126, nmi 0.6133, ari 0.6238, f1 0.7754
acc 0.8123, nmi 0.6128, ari 0.6234, f1 0.7750
acc 0.8119, nmi 0.6124, ari 0.6226, f1 0.7747
acc 0.8117, nmi 0.6116, ari 0.6220, f1 0.7745
acc 0.8113, nmi 0.6110, ari 0.6211, f1 0.7743
acc 0.8112, nmi 0.6111, ari 0.6211, f1 0.7741
acc 0.8108, nmi 0.6107, ari 0.6201, f1 0.7739
acc 0.8102, nmi 0.6103, ari 0.6189, f1 0.7734
acc 0.8096, nmi 0.6097, ari 0.6176, f1 0.7729
acc 0.8092, nmi 0.6093, ari 0.6171, f1 0.7725
acc 0.8088, nmi 0.6093, ari 0.6163, f1 0.7722
acc 0.8085, nmi 0.6088, ari 0.6155, f1 0.7720
acc 0.8075, nmi 0.6076, ari 0.6132, f1 0.7713
acc 0.8070, nmi 0.6068, ari 0.6124, f1 0.7707
acc 0.8068, nmi 0.6062, ari 0.6119, f1 0.7706
acc 0.8068, nmi 0.6065, ari 0.6119, f1 0.7706
acc 0.8055, nmi 0.6049, ari 0.6093, f1 0.7695
acc 0.8047, nmi 0.6039, ari 0.6075, f1 0.7689
acc 0.8047, nmi 0.6045, ari 0.6076, f1 0.7690
acc 0.8045, nmi 0.6045, ari 0.6072, f1 0.7689
acc 0.8044, nmi 0.6041, ari 0.6069, f1 0.7688
acc 0.8045, nmi 0.6046, ari 0.6072, f1 0.7689
acc 0.8044, nmi 0.6043, ari 0.6070, f1 0.7688
acc 0.8043, nmi 0.6042, ari 0.6067, f1 0.7687
acc 0.8044, nmi 0.6045, ari 0.6070, f1 0.7688
acc 0.8043, nmi 0.6042, ari 0.6067, f1 0.7687
acc 0.8041, nmi 0.6041, ari 0.6063, f1 0.7685
acc 0.8041, nmi 0.6041, ari 0.6063, f1 0.7685
acc 0.8038, nmi 0.6036, ari 0.6057, f1 0.7683
acc 0.8037, nmi 0.6035, ari 0.6055, f1 0.7682
acc 0.8036, nmi 0.6034, ari 0.6053, f1 0.7681
acc 0.8035, nmi 0.6032, ari 0.6050, f1 0.7681
acc 0.8035, nmi 0.6032, ari 0.6050, f1 0.7681
acc 0.8034, nmi 0.6031, ari 0.6048, f1 0.7680
acc 0.8035, nmi 0.6032, ari 0.6050, f1 0.7681
acc 0.8034, nmi 0.6031, ari 0.6048, f1 0.7680
acc 0.8032, nmi 0.6026, ari 0.6044, f1 0.7678
acc 0.8031, nmi 0.6025, ari 0.6042, f1 0.7677
acc 0.8032, nmi 0.6026, ari 0.6044, f1 0.7678
acc 0.8031, nmi 0.6024, ari 0.6041, f1 0.7677
acc 0.8030, nmi 0.6023, ari 0.6039, f1 0.7676
acc 0.8030, nmi 0.6024, ari 0.6039, f1 0.7676
acc 0.8029, nmi 0.6023, ari 0.6038, f1 0.7675
acc 0.8029, nmi 0.6023, ari 0.6039, f1 0.7675
acc 0.8028, nmi 0.6022, ari 0.6037, f1 0.7674
acc 0.8029, nmi 0.6023, ari 0.6039, f1 0.7675
acc 0.8029, nmi 0.6023, ari 0.6039, f1 0.7675
acc 0.8028, nmi 0.6020, ari 0.6036, f1 0.7674
acc 0.8027, nmi 0.6020, ari 0.6034, f1 0.7673
acc 0.8027, nmi 0.6020, ari 0.6034, f1 0.7673
acc 0.8028, nmi 0.6021, ari 0.6036, f1 0.7674
acc 0.8027, nmi 0.6018, ari 0.6034, f1 0.7673
acc 0.8026, nmi 0.6018, ari 0.6032, f1 0.7673
acc 0.8026, nmi 0.6015, ari 0.6031, f1 0.7673
acc 0.8023, nmi 0.6007, ari 0.6025, f1 0.7670
acc 0.8024, nmi 0.6008, ari 0.6027, f1 0.7670
acc 0.8025, nmi 0.6012, ari 0.6029, f1 0.7672
acc 0.8024, nmi 0.6008, ari 0.6027, f1 0.7670
acc 0.8024, nmi 0.6008, ari 0.6027, f1 0.7670
acc 0.8024, nmi 0.6008, ari 0.6027, f1 0.7670
acc 0.8024, nmi 0.6008, ari 0.6027, f1 0.7670
acc 0.8023, nmi 0.6006, ari 0.6024, f1 0.7670
acc 0.8022, nmi 0.6004, ari 0.6022, f1 0.7669
acc 0.8023, nmi 0.6006, ari 0.6024, f1 0.7670
acc 0.8022, nmi 0.6004, ari 0.6022, f1 0.7669
acc 0.8022, nmi 0.6004, ari 0.6022, f1 0.7669
acc 0.8022, nmi 0.6004, ari 0.6022, f1 0.7669
acc 0.8022, nmi 0.6004, ari 0.6022, f1 0.7669
acc 0.8022, nmi 0.6004, ari 0.6022, f1 0.7669
acc 0.8021, nmi 0.6001, ari 0.6021, f1 0.7667
acc 0.8022, nmi 0.6003, ari 0.6022, f1 0.7669
acc 0.8022, nmi 0.6004, ari 0.6022, f1 0.7669
acc 0.8020, nmi 0.5997, ari 0.6019, f1 0.7666
acc 0.8020, nmi 0.5997, ari 0.6019, f1 0.7666
acc 0.8022, nmi 0.6003, ari 0.6022, f1 0.7669
acc 0.8020, nmi 0.5997, ari 0.6019, f1 0.7666
acc 0.8020, nmi 0.5997, ari 0.6019, f1 0.7666
acc 0.8020, nmi 0.5997, ari 0.6019, f1 0.7666
acc 0.8020, nmi 0.5998, ari 0.6019, f1 0.7666
acc 0.8020, nmi 0.5998, ari 0.6019, f1 0.7666
acc 0.8020, nmi 0.5998, ari 0.6019, f1 0.7666
acc 0.8020, nmi 0.5998, ari 0.6019, f1 0.7666
acc 0.8019, nmi 0.5996, ari 0.6016, f1 0.7665
acc 0.8020, nmi 0.5999, ari 0.6019, f1 0.7666
acc 0.8019, nmi 0.5996, ari 0.6016, f1 0.7665
acc 0.8019, nmi 0.5996, ari 0.6016, f1 0.7665
acc 0.8019, nmi 0.5996, ari 0.6016, f1 0.7665
acc 0.8019, nmi 0.5996, ari 0.6016, f1 0.7665
acc 0.8020, nmi 0.5999, ari 0.6019, f1 0.7666
acc 0.8019, nmi 0.5996, ari 0.6016, f1 0.7665
acc 0.8020, nmi 0.5999, ari 0.6019, f1 0.7666
acc 0.8019, nmi 0.5996, ari 0.6016, f1 0.7665
acc 0.8019, nmi 0.5997, ari 0.6016, f1 0.7666
acc 0.8020, nmi 0.5999, ari 0.6019, f1 0.7666
acc 0.8020, nmi 0.5999, ari 0.6019, f1 0.7666
acc 0.8019, nmi 0.5997, ari 0.6016, f1 0.7666
acc 0.8020, nmi 0.5999, ari 0.6019, f1 0.7666
acc 0.8020, nmi 0.5999, ari 0.6019, f1 0.7666
acc 0.8019, nmi 0.5997, ari 0.6016, f1 0.7666
acc 0.8018, nmi 0.5996, ari 0.6014, f1 0.7665
acc 0.8018, nmi 0.5996, ari 0.6014, f1 0.7665
acc 0.8018, nmi 0.5996, ari 0.6014, f1 0.7665
acc 0.8018, nmi 0.5996, ari 0.6014, f1 0.7665
acc 0.8018, nmi 0.5996, ari 0.6014, f1 0.7665
acc 0.8018, nmi 0.5996, ari 0.6014, f1 0.7665
acc 0.8018, nmi 0.5996, ari 0.6014, f1 0.7665
acc 0.8018, nmi 0.5996, ari 0.6014, f1 0.7665
acc 0.8017, nmi 0.5993, ari 0.6011, f1 0.7664
acc 0.8017, nmi 0.5993, ari 0.6011, f1 0.7664
acc 0.8017, nmi 0.5993, ari 0.6011, f1 0.7664
acc 0.8017, nmi 0.5993, ari 0.6011, f1 0.7664
acc 0.8017, nmi 0.5993, ari 0.6011, f1 0.7664
acc 0.8017, nmi 0.5993, ari 0.6011, f1 0.7664
acc 0.8017, nmi 0.5993, ari 0.6011, f1 0.7664
acc 0.8017, nmi 0.5993, ari 0.6011, f1 0.7664
acc 0.8017, nmi 0.5993, ari 0.6011, f1 0.7664
acc 0.8017, nmi 0.5993, ari 0.6011, f1 0.7664
acc 0.8017, nmi 0.5993, ari 0.6011, f1 0.7664
acc 0.8017, nmi 0.5993, ari 0.6011, f1 0.7664
acc 0.8017, nmi 0.5993, ari 0.6011, f1 0.7664
acc 0.8017, nmi 0.5993, ari 0.6011, f1 0.7664
acc 0.8017, nmi 0.5993, ari 0.6011, f1 0.7664
acc 0.8017, nmi 0.5993, ari 0.6011, f1 0.7664
acc 0.8017, nmi 0.5993, ari 0.6011, f1 0.7664
acc 0.8017, nmi 0.5993, ari 0.6011, f1 0.7664
acc 0.8017, nmi 0.5993, ari 0.6011, f1 0.7664
acc 0.8017, nmi 0.5993, ari 0.6011, f1 0.7664
acc 0.8017, nmi 0.5993, ari 0.6011, f1 0.7664
acc 0.8017, nmi 0.5993, ari 0.6011, f1 0.7664
acc 0.8017, nmi 0.5993, ari 0.6011, f1 0.7664
acc 0.8017, nmi 0.5993, ari 0.6011, f1 0.7664
acc 0.8017, nmi 0.5993, ari 0.6011, f1 0.7664
acc 0.8016, nmi 0.5990, ari 0.6008, f1 0.7663
acc 0.8016, nmi 0.5990, ari 0.6008, f1 0.7663
acc 0.8017, nmi 0.5993, ari 0.6011, f1 0.7664
acc 0.8016, nmi 0.5990, ari 0.6008, f1 0.7663
acc 0.8015, nmi 0.5988, ari 0.6008, f1 0.7661
acc 0.8016, nmi 0.5990, ari 0.6008, f1 0.7663
acc 0.8016, nmi 0.5990, ari 0.6008, f1 0.7663
acc 0.8016, nmi 0.5990, ari 0.6008, f1 0.7663
acc 0.8015, nmi 0.5988, ari 0.6008, f1 0.7661
acc 0.8016, nmi 0.5990, ari 0.6008, f1 0.7663
acc 0.8016, nmi 0.5990, ari 0.6008, f1 0.7663
acc 0.8016, nmi 0.5990, ari 0.6008, f1 0.7663
acc 0.8016, nmi 0.5990, ari 0.6008, f1 0.7663
acc 0.8016, nmi 0.5990, ari 0.6008, f1 0.7663
acc 0.8016, nmi 0.5990, ari 0.6008, f1 0.7663
acc 0.8016, nmi 0.5990, ari 0.6008, f1 0.7663
acc 0.8016, nmi 0.5990, ari 0.6008, f1 0.7663
acc 0.8016, nmi 0.5990, ari 0.6008, f1 0.7663
acc 0.8016, nmi 0.5990, ari 0.6008, f1 0.7663
acc 0.8016, nmi 0.5990, ari 0.6008, f1 0.7663
acc 0.8016, nmi 0.5990, ari 0.6008, f1 0.7663
acc 0.8017, nmi 0.5993, ari 0.6011, f1 0.7664
acc 0.8016, nmi 0.5990, ari 0.6008, f1 0.7663
acc 0.8016, nmi 0.5990, ari 0.6008, f1 0.7663
acc 0.8016, nmi 0.5990, ari 0.6008, f1 0.7663
acc 0.8016, nmi 0.5990, ari 0.6008, f1 0.7663
acc 0.8016, nmi 0.5990, ari 0.6008, f1 0.7663
acc 0.8016, nmi 0.5990, ari 0.6008, f1 0.7663
acc 0.8016, nmi 0.5990, ari 0.6008, f1 0.7663
acc 0.8016, nmi 0.5990, ari 0.6008, f1 0.7663
acc 0.8016, nmi 0.5990, ari 0.6008, f1 0.7663
acc 0.8016, nmi 0.5990, ari 0.6008, f1 0.7663
acc 0.8016, nmi 0.5990, ari 0.6008, f1 0.7663
acc 0.8016, nmi 0.5990, ari 0.6008, f1 0.7663
acc 0.8016, nmi 0.5990, ari 0.6008, f1 0.7663
acc 0.8016, nmi 0.5990, ari 0.6008, f1 0.7663
acc 0.8016, nmi 0.5990, ari 0.6008, f1 0.7663
acc 0.8016, nmi 0.5990, ari 0.6008, f1 0.7663
acc 0.8016, nmi 0.5990, ari 0.6008, f1 0.7663
acc 0.8016, nmi 0.5990, ari 0.6008, f1 0.7663
acc 0.8016, nmi 0.5990, ari 0.6008, f1 0.7663
